elapsed;gap;fitness;solution
1.78s;0.0%;669;[[1, 12, 2, 19, 20, 23, 14, 17], [3, 24, 9, 11, 27, 8, 25, 35, 18, 26, 34], [7, 4, 33, 5, 6, 10, 13, 22], [15, 30, 31, 28, 32, 29, 36], [16, 21]]
0.76s;0.0%;669;[[1, 12, 2, 19, 20, 23, 14, 17], [3, 24, 9, 11, 27, 8, 25, 35, 18, 26, 34], [7, 4, 33, 5, 6, 10, 13, 22], [15, 30, 31, 28, 32, 29, 36], [16, 21]]
0.72s;0.0%;669;[[1, 12, 2, 19, 20, 23, 14, 17], [3, 24, 9, 11, 27, 8, 25, 35, 18, 26, 34], [7, 4, 33, 5, 6, 10, 13, 22], [15, 30, 31, 28, 32, 29, 36], [16, 21]]
0.75s;0.0%;669;[[1, 12, 2, 19, 20, 23, 14, 17], [3, 24, 9, 11, 27, 8, 25, 35, 18, 26, 34], [7, 4, 33, 5, 6, 10, 13, 22], [15, 30, 31, 28, 32, 29, 36], [16, 21]]
0.68s;0.0%;669;[[1, 12, 2, 19, 20, 23, 14, 17], [3, 24, 9, 11, 27, 8, 25, 35, 18, 26, 34], [7, 4, 33, 5, 6, 10, 13, 22], [15, 30, 31, 28, 32, 29, 36], [16, 21]]
0.57s;0.0%;669;[[1, 12, 2, 19, 20, 23, 14, 17], [3, 24, 9, 11, 27, 8, 25, 35, 18, 26, 34], [7, 4, 33, 5, 6, 10, 13, 22], [15, 30, 31, 28, 32, 29, 36], [16, 21]]
0.62s;0.0%;669;[[1, 12, 2, 19, 20, 23, 14, 17], [3, 24, 9, 11, 27, 8, 25, 35, 18, 26, 34], [7, 4, 33, 5, 6, 10, 13, 22], [15, 30, 31, 28, 32, 29, 36], [16, 21]]
0.77s;0.0%;669;[[1, 12, 2, 19, 20, 23, 14, 17], [3, 24, 9, 11, 27, 8, 25, 35, 18, 26, 34], [7, 4, 33, 5, 6, 10, 13, 22], [15, 30, 31, 28, 32, 29, 36], [16, 21]]
0.64s;0.0%;669;[[1, 12, 2, 19, 20, 23, 14, 17], [3, 24, 9, 11, 27, 8, 25, 35, 18, 26, 34], [7, 4, 33, 5, 6, 10, 13, 22], [15, 30, 31, 28, 32, 29, 36], [16, 21]]
0.66s;0.0%;669;[[1, 12, 2, 19, 20, 23, 14, 17], [3, 24, 9, 11, 27, 8, 25, 35, 18, 26, 34], [7, 4, 33, 5, 6, 10, 13, 22], [15, 30, 31, 28, 32, 29, 36], [16, 21]]
0.68s;0.0%;669;[[1, 12, 2, 19, 20, 23, 14, 17], [3, 24, 9, 11, 27, 8, 25, 35, 18, 26, 34], [7, 4, 33, 5, 6, 10, 13, 22], [15, 30, 31, 28, 32, 29, 36], [16, 21]]
0.73s;0.0%;669;[[1, 12, 2, 19, 20, 23, 14, 17], [3, 24, 9, 11, 27, 8, 25, 35, 18, 26, 34], [7, 4, 33, 5, 6, 10, 13, 22], [15, 30, 31, 28, 32, 29, 36], [16, 21]]
0.74s;0.0%;669;[[1, 12, 2, 19, 20, 23, 14, 17], [3, 24, 9, 11, 27, 8, 25, 35, 18, 26, 34], [7, 4, 33, 5, 6, 10, 13, 22], [15, 30, 31, 28, 32, 29, 36], [16, 21]]
0.53s;0.0%;669;[[1, 12, 2, 19, 20, 23, 14, 17], [3, 24, 9, 11, 27, 8, 25, 35, 18, 26, 34], [7, 4, 33, 5, 6, 10, 13, 22], [15, 30, 31, 28, 32, 29, 36], [16, 21]]
0.66s;0.0%;669;[[1, 12, 2, 19, 20, 23, 14, 17], [3, 24, 9, 11, 27, 8, 25, 35, 18, 26, 34], [7, 4, 33, 5, 6, 10, 13, 22], [15, 30, 31, 28, 32, 29, 36], [16, 21]]
0.64s;0.0%;669;[[1, 12, 2, 19, 20, 23, 14, 17], [3, 24, 9, 11, 27, 8, 25, 35, 18, 26, 34], [7, 4, 33, 5, 6, 10, 13, 22], [15, 30, 31, 28, 32, 29, 36], [16, 21]]
0.64s;0.0%;669;[[1, 12, 2, 19, 20, 23, 14, 17], [3, 24, 9, 11, 27, 8, 25, 35, 18, 26, 34], [7, 4, 33, 5, 6, 10, 13, 22], [15, 30, 31, 28, 32, 29, 36], [16, 21]]
0.58s;0.0%;669;[[1, 12, 2, 19, 20, 23, 14, 17], [3, 24, 9, 11, 27, 8, 25, 35, 18, 26, 34], [7, 4, 33, 5, 6, 10, 13, 22], [15, 30, 31, 28, 32, 29, 36], [16, 21]]
0.56s;0.0%;669;[[1, 12, 2, 19, 20, 23, 14, 17], [3, 24, 9, 11, 27, 8, 25, 35, 18, 26, 34], [7, 4, 33, 5, 6, 10, 13, 22], [15, 30, 31, 28, 32, 29, 36], [16, 21]]
0.50s;0.0%;669;[[1, 12, 2, 19, 20, 23, 14, 17], [3, 24, 9, 11, 27, 8, 25, 35, 18, 26, 34], [7, 4, 33, 5, 6, 10, 13, 22], [15, 30, 31, 28, 32, 29, 36], [16, 21]]
0.50s;0.0%;669;[[1, 12, 2, 19, 20, 23, 14, 17], [3, 24, 9, 11, 27, 8, 25, 35, 18, 26, 34], [7, 4, 33, 5, 6, 10, 13, 22], [15, 30, 31, 28, 32, 29, 36], [16, 21]]
0.62s;0.0%;669;[[1, 12, 2, 19, 20, 23, 14, 17], [3, 24, 9, 11, 27, 8, 25, 35, 18, 26, 34], [7, 4, 33, 5, 6, 10, 13, 22], [15, 30, 31, 28, 32, 29, 36], [16, 21]]
0.64s;0.0%;669;[[1, 12, 2, 19, 20, 23, 14, 17], [3, 24, 9, 11, 27, 8, 25, 35, 18, 26, 34], [7, 4, 33, 5, 6, 10, 13, 22], [15, 30, 31, 28, 32, 29, 36], [16, 21]]
0.55s;0.0%;669;[[1, 12, 2, 19, 20, 23, 14, 17], [3, 24, 9, 11, 27, 8, 25, 35, 18, 26, 34], [7, 4, 33, 5, 6, 10, 13, 22], [15, 30, 31, 28, 32, 29, 36], [16, 21]]
0.89s;0.0%;669;[[1, 12, 2, 19, 20, 23, 14, 17], [3, 24, 9, 11, 27, 8, 25, 35, 18, 26, 34], [7, 4, 33, 5, 6, 10, 13, 22], [15, 30, 31, 28, 32, 29, 36], [16, 21]]
0.59s;0.0%;669;[[1, 12, 2, 19, 20, 23, 14, 17], [3, 24, 9, 11, 27, 8, 25, 35, 18, 26, 34], [7, 4, 33, 5, 6, 10, 13, 22], [15, 30, 31, 28, 32, 29, 36], [16, 21]]
0.62s;0.0%;669;[[1, 12, 2, 19, 20, 23, 14, 17], [3, 24, 9, 11, 27, 8, 25, 35, 18, 26, 34], [7, 4, 33, 5, 6, 10, 13, 22], [15, 30, 31, 28, 32, 29, 36], [16, 21]]
0.60s;0.0%;669;[[1, 12, 2, 19, 20, 23, 14, 17], [3, 24, 9, 11, 27, 8, 25, 35, 18, 26, 34], [7, 4, 33, 5, 6, 10, 13, 22], [15, 30, 31, 28, 32, 29, 36], [16, 21]]
0.68s;0.0%;669;[[1, 12, 2, 19, 20, 23, 14, 17], [3, 24, 9, 11, 27, 8, 25, 35, 18, 26, 34], [7, 4, 33, 5, 6, 10, 13, 22], [15, 30, 31, 28, 32, 29, 36], [16, 21]]
0.56s;0.0%;669;[[1, 12, 2, 19, 20, 23, 14, 17], [3, 24, 9, 11, 27, 8, 25, 35, 18, 26, 34], [7, 4, 33, 5, 6, 10, 13, 22], [15, 30, 31, 28, 32, 29, 36], [16, 21]]

avg_time;avg_ans;best_ans;worst_ans;avg_gap;best_gap;worst_gap
0.68s;669.00;669;669;0.0%;0.0%;0.0%
