elapsed;fitness;solution
0.37s;784;[[6, 2, 3, 23, 4, 11, 28, 14], [12, 1, 16, 30], [20, 5, 25, 10, 15, 22, 9, 8, 18, 29], [21, 31, 19, 17, 13, 7, 26], [24, 27]]
0.17s;784;[[6, 3, 2, 23, 4, 11, 28, 14], [12, 1, 16, 30], [20, 5, 25, 10, 15, 22, 9, 8, 18, 29], [21, 31, 19, 17, 13, 7, 26], [24, 27]]
0.16s;784;[[6, 3, 2, 23, 4, 11, 28, 14], [12, 1, 16, 30], [20, 5, 25, 10, 15, 22, 9, 8, 18, 29], [21, 31, 19, 17, 13, 7, 26], [24, 27]]
0.15s;784;[[6, 3, 2, 23, 4, 11, 28, 14], [12, 1, 16, 30], [20, 5, 25, 10, 15, 22, 9, 8, 18, 29], [21, 31, 19, 17, 13, 7, 26], [24, 27]]
0.13s;784;[[6, 3, 2, 23, 4, 11, 28, 14], [12, 1, 16, 30], [20, 5, 25, 10, 15, 22, 9, 8, 18, 29], [21, 31, 19, 17, 13, 7, 26], [24, 27]]
0.12s;784;[[6, 3, 2, 23, 4, 11, 28, 14], [12, 1, 16, 30], [20, 5, 25, 10, 15, 22, 9, 8, 18, 29], [21, 31, 19, 17, 13, 7, 26], [24, 27]]
0.14s;784;[[6, 3, 2, 23, 4, 11, 28, 14], [12, 1, 16, 30], [20, 5, 25, 10, 15, 22, 9, 8, 18, 29], [21, 31, 19, 17, 13, 7, 26], [24, 27]]
0.11s;784;[[6, 2, 3, 23, 4, 11, 28, 14], [12, 1, 16, 30], [20, 5, 25, 10, 15, 22, 9, 8, 18, 29], [21, 31, 19, 17, 13, 7, 26], [24, 27]]
0.10s;784;[[6, 2, 3, 23, 4, 11, 28, 14], [12, 1, 16, 30], [20, 5, 25, 10, 15, 22, 9, 8, 18, 29], [21, 31, 19, 17, 13, 7, 26], [24, 27]]
0.13s;784;[[6, 2, 3, 23, 4, 11, 28, 14], [12, 1, 16, 30], [20, 5, 25, 10, 15, 22, 9, 8, 18, 29], [21, 31, 19, 17, 13, 7, 26], [24, 27]]
0.11s;784;[[6, 3, 2, 23, 4, 11, 28, 14], [12, 1, 16, 30], [20, 5, 25, 10, 15, 22, 9, 8, 18, 29], [21, 31, 19, 17, 13, 7, 26], [24, 27]]
0.12s;784;[[6, 2, 3, 23, 4, 11, 28, 14], [12, 1, 16, 30], [20, 5, 25, 10, 15, 22, 9, 8, 18, 29], [21, 31, 19, 17, 13, 7, 26], [24, 27]]
0.10s;784;[[6, 2, 3, 23, 4, 11, 28, 14], [12, 1, 16, 30], [20, 5, 25, 10, 15, 22, 9, 8, 18, 29], [21, 31, 19, 17, 13, 7, 26], [24, 27]]
0.10s;784;[[6, 2, 3, 23, 4, 11, 28, 14], [12, 1, 16, 30], [20, 5, 25, 10, 15, 22, 9, 8, 18, 29], [21, 31, 19, 17, 13, 7, 26], [24, 27]]
0.11s;784;[[6, 2, 3, 23, 4, 11, 28, 14], [12, 1, 16, 30], [20, 5, 25, 10, 15, 22, 9, 8, 18, 29], [21, 31, 19, 17, 13, 7, 26], [24, 27]]
0.10s;784;[[6, 3, 2, 23, 4, 11, 28, 14], [12, 1, 16, 30], [20, 5, 25, 10, 15, 22, 9, 8, 18, 29], [21, 31, 19, 17, 13, 7, 26], [24, 27]]
0.10s;784;[[6, 3, 2, 23, 4, 11, 28, 14], [12, 1, 16, 30], [20, 5, 25, 10, 15, 22, 9, 8, 18, 29], [21, 31, 19, 17, 13, 7, 26], [24, 27]]
0.12s;784;[[6, 3, 2, 23, 4, 11, 28, 14], [12, 1, 16, 30], [20, 5, 25, 10, 15, 22, 9, 8, 18, 29], [21, 31, 19, 17, 13, 7, 26], [24, 27]]
0.10s;784;[[6, 2, 3, 23, 4, 11, 28, 14], [12, 1, 16, 30], [20, 5, 25, 10, 15, 22, 9, 8, 18, 29], [21, 31, 19, 17, 13, 7, 26], [24, 27]]
0.10s;784;[[6, 2, 3, 23, 4, 11, 28, 14], [12, 1, 16, 30], [20, 5, 25, 10, 15, 22, 9, 8, 18, 29], [21, 31, 19, 17, 13, 7, 26], [24, 27]]
0.09s;784;[[6, 2, 3, 23, 4, 11, 28, 14], [12, 1, 16, 30], [20, 5, 25, 10, 15, 22, 9, 8, 18, 29], [21, 31, 19, 17, 13, 7, 26], [24, 27]]
0.10s;784;[[6, 2, 3, 23, 4, 11, 28, 14], [12, 1, 16, 30], [20, 5, 25, 10, 15, 22, 9, 8, 18, 29], [21, 31, 19, 17, 13, 7, 26], [24, 27]]
0.09s;784;[[6, 2, 3, 23, 4, 11, 28, 14], [12, 1, 16, 30], [20, 5, 25, 10, 15, 22, 9, 8, 18, 29], [21, 31, 19, 17, 13, 7, 26], [24, 27]]
0.09s;784;[[6, 3, 2, 23, 4, 11, 28, 14], [12, 1, 16, 30], [20, 5, 25, 10, 15, 22, 9, 8, 18, 29], [21, 31, 19, 17, 13, 7, 26], [24, 27]]
0.10s;784;[[6, 3, 2, 23, 4, 11, 28, 14], [12, 1, 16, 30], [20, 5, 25, 10, 15, 22, 9, 8, 18, 29], [21, 31, 19, 17, 13, 7, 26], [24, 27]]
0.09s;784;[[6, 3, 2, 23, 4, 11, 28, 14], [12, 1, 16, 30], [20, 5, 25, 10, 15, 22, 9, 8, 18, 29], [21, 31, 19, 17, 13, 7, 26], [24, 27]]
0.10s;784;[[6, 3, 2, 23, 4, 11, 28, 14], [12, 1, 16, 30], [20, 5, 25, 10, 15, 22, 9, 8, 18, 29], [21, 31, 19, 17, 13, 7, 26], [24, 27]]
0.08s;784;[[6, 3, 2, 23, 4, 11, 28, 14], [12, 1, 16, 30], [20, 5, 25, 10, 15, 22, 9, 8, 18, 29], [21, 31, 19, 17, 13, 7, 26], [24, 27]]
0.10s;784;[[6, 2, 3, 23, 4, 11, 28, 14], [12, 1, 16, 30], [20, 5, 25, 10, 15, 22, 9, 8, 18, 29], [21, 31, 19, 17, 13, 7, 26], [24, 27]]
0.09s;784;[[6, 3, 2, 23, 4, 11, 28, 14], [12, 1, 16, 30], [20, 5, 25, 10, 15, 22, 9, 8, 18, 29], [21, 31, 19, 17, 13, 7, 26], [24, 27]]
0.09s;784;[[6, 3, 2, 23, 4, 11, 28, 14], [12, 1, 16, 30], [20, 5, 25, 10, 15, 22, 9, 8, 18, 29], [21, 31, 19, 17, 13, 7, 26], [24, 27]]
0.09s;784;[[6, 2, 3, 23, 4, 11, 28, 14], [12, 1, 16, 30], [20, 5, 25, 10, 15, 22, 9, 8, 18, 29], [21, 31, 19, 17, 13, 7, 26], [24, 27]]
0.09s;784;[[6, 2, 3, 23, 4, 11, 28, 14], [12, 1, 16, 30], [20, 5, 25, 10, 15, 22, 9, 8, 18, 29], [21, 31, 19, 17, 13, 7, 26], [24, 27]]
0.09s;784;[[6, 2, 3, 23, 4, 11, 28, 14], [12, 1, 16, 30], [20, 5, 25, 10, 15, 22, 9, 8, 18, 29], [21, 31, 19, 17, 13, 7, 26], [24, 27]]
0.10s;784;[[6, 3, 2, 23, 4, 11, 28, 14], [12, 1, 16, 30], [20, 5, 25, 10, 15, 22, 9, 8, 18, 29], [21, 31, 19, 17, 13, 7, 26], [24, 27]]
0.10s;784;[[6, 3, 2, 23, 4, 11, 28, 14], [12, 1, 16, 30], [20, 5, 25, 10, 15, 22, 9, 8, 18, 29], [21, 31, 19, 17, 13, 7, 26], [24, 27]]
0.09s;784;[[6, 2, 3, 23, 4, 11, 28, 14], [12, 1, 16, 30], [20, 5, 25, 10, 15, 22, 9, 8, 18, 29], [21, 31, 19, 17, 13, 7, 26], [24, 27]]
0.14s;784;[[6, 2, 3, 23, 4, 11, 28, 14], [12, 1, 16, 30], [20, 5, 25, 10, 15, 22, 9, 8, 18, 29], [21, 31, 19, 17, 13, 7, 26], [24, 27]]
0.09s;784;[[6, 2, 3, 23, 4, 11, 28, 14], [12, 1, 16, 30], [20, 5, 25, 10, 15, 22, 9, 8, 18, 29], [21, 31, 19, 17, 13, 7, 26], [24, 27]]
0.09s;784;[[6, 2, 3, 23, 4, 11, 28, 14], [12, 1, 16, 30], [20, 5, 25, 10, 15, 22, 9, 8, 18, 29], [21, 31, 19, 17, 13, 7, 26], [24, 27]]
0.10s;784;[[6, 2, 3, 23, 4, 11, 28, 14], [12, 1, 16, 30], [20, 5, 25, 10, 15, 22, 9, 8, 18, 29], [21, 31, 19, 17, 13, 7, 26], [24, 27]]
0.10s;784;[[6, 2, 3, 23, 4, 11, 28, 14], [12, 1, 16, 30], [20, 5, 25, 10, 15, 22, 9, 8, 18, 29], [21, 31, 19, 17, 13, 7, 26], [24, 27]]
0.09s;784;[[6, 2, 3, 23, 4, 11, 28, 14], [12, 1, 16, 30], [20, 5, 25, 10, 15, 22, 9, 8, 18, 29], [21, 31, 19, 17, 13, 7, 26], [24, 27]]
0.10s;784;[[6, 2, 3, 23, 4, 11, 28, 14], [12, 1, 16, 30], [20, 5, 25, 10, 15, 22, 9, 8, 18, 29], [21, 31, 19, 17, 13, 7, 26], [24, 27]]
0.09s;784;[[6, 2, 3, 23, 4, 11, 28, 14], [12, 1, 16, 30], [20, 5, 25, 10, 15, 22, 9, 8, 18, 29], [21, 31, 19, 17, 13, 7, 26], [24, 27]]
0.10s;784;[[6, 2, 3, 23, 4, 11, 28, 14], [12, 1, 16, 30], [20, 5, 25, 10, 15, 22, 9, 8, 18, 29], [21, 31, 19, 17, 13, 7, 26], [24, 27]]
0.09s;784;[[6, 3, 2, 23, 4, 11, 28, 14], [12, 1, 16, 30], [20, 5, 25, 10, 15, 22, 9, 8, 18, 29], [21, 31, 19, 17, 13, 7, 26], [24, 27]]
0.09s;784;[[6, 3, 2, 23, 4, 11, 28, 14], [12, 1, 16, 30], [20, 5, 25, 10, 15, 22, 9, 8, 18, 29], [21, 31, 19, 17, 13, 7, 26], [24, 27]]
0.09s;784;[[6, 3, 2, 23, 4, 11, 28, 14], [12, 1, 16, 30], [20, 5, 25, 10, 15, 22, 9, 8, 18, 29], [21, 31, 19, 17, 13, 7, 26], [24, 27]]
0.09s;784;[[6, 2, 3, 23, 4, 11, 28, 14], [12, 1, 16, 30], [20, 5, 25, 10, 15, 22, 9, 8, 18, 29], [21, 31, 19, 17, 13, 7, 26], [24, 27]]
0.09s;784;[[6, 3, 2, 23, 4, 11, 28, 14], [12, 1, 16, 30], [20, 5, 25, 10, 15, 22, 9, 8, 18, 29], [21, 31, 19, 17, 13, 7, 26], [24, 27]]
0.09s;784;[[6, 2, 3, 23, 4, 11, 28, 14], [12, 1, 16, 30], [20, 5, 25, 10, 15, 22, 9, 8, 18, 29], [21, 31, 19, 17, 13, 7, 26], [24, 27]]
0.10s;784;[[6, 3, 2, 23, 4, 11, 28, 14], [12, 1, 16, 30], [20, 5, 25, 10, 15, 22, 9, 8, 18, 29], [21, 31, 19, 17, 13, 7, 26], [24, 27]]
0.09s;784;[[6, 3, 2, 23, 4, 11, 28, 14], [12, 1, 16, 30], [20, 5, 25, 10, 15, 22, 9, 8, 18, 29], [21, 31, 19, 17, 13, 7, 26], [24, 27]]
0.09s;784;[[6, 2, 3, 23, 4, 11, 28, 14], [12, 1, 16, 30], [20, 5, 25, 10, 15, 22, 9, 8, 18, 29], [21, 31, 19, 17, 13, 7, 26], [24, 27]]
0.09s;784;[[6, 2, 3, 23, 4, 11, 28, 14], [12, 1, 16, 30], [20, 5, 25, 10, 15, 22, 9, 8, 18, 29], [21, 31, 19, 17, 13, 7, 26], [24, 27]]
0.08s;784;[[6, 3, 2, 23, 4, 11, 28, 14], [12, 1, 16, 30], [20, 5, 25, 10, 15, 22, 9, 8, 18, 29], [21, 31, 19, 17, 13, 7, 26], [24, 27]]
0.09s;784;[[6, 2, 3, 23, 4, 11, 28, 14], [12, 1, 16, 30], [20, 5, 25, 10, 15, 22, 9, 8, 18, 29], [21, 31, 19, 17, 13, 7, 26], [24, 27]]
0.09s;784;[[6, 2, 3, 23, 4, 11, 28, 14], [12, 1, 16, 30], [20, 5, 25, 10, 15, 22, 9, 8, 18, 29], [21, 31, 19, 17, 13, 7, 26], [24, 27]]
0.09s;784;[[6, 2, 3, 23, 4, 11, 28, 14], [12, 1, 16, 30], [20, 5, 25, 10, 15, 22, 9, 8, 18, 29], [21, 31, 19, 17, 13, 7, 26], [24, 27]]
0.10s;784;[[6, 3, 2, 23, 4, 11, 28, 14], [12, 1, 16, 30], [20, 5, 25, 10, 15, 22, 9, 8, 18, 29], [21, 31, 19, 17, 13, 7, 26], [24, 27]]
0.12s;784;[[6, 3, 2, 23, 4, 11, 28, 14], [12, 1, 16, 30], [20, 5, 25, 10, 15, 22, 9, 8, 18, 29], [21, 31, 19, 17, 13, 7, 26], [24, 27]]
0.10s;784;[[6, 2, 3, 23, 4, 11, 28, 14], [12, 1, 16, 30], [20, 5, 25, 10, 15, 22, 9, 8, 18, 29], [21, 31, 19, 17, 13, 7, 26], [24, 27]]
0.09s;784;[[6, 3, 2, 23, 4, 11, 28, 14], [12, 1, 16, 30], [20, 5, 25, 10, 15, 22, 9, 8, 18, 29], [21, 31, 19, 17, 13, 7, 26], [24, 27]]
0.09s;784;[[6, 3, 2, 23, 4, 11, 28, 14], [12, 1, 16, 30], [20, 5, 25, 10, 15, 22, 9, 8, 18, 29], [21, 31, 19, 17, 13, 7, 26], [24, 27]]
0.12s;784;[[6, 3, 2, 23, 4, 11, 28, 14], [12, 1, 16, 30], [20, 5, 25, 10, 15, 22, 9, 8, 18, 29], [21, 31, 19, 17, 13, 7, 26], [24, 27]]
0.09s;784;[[6, 2, 3, 23, 4, 11, 28, 14], [12, 1, 16, 30], [20, 5, 25, 10, 15, 22, 9, 8, 18, 29], [21, 31, 19, 17, 13, 7, 26], [24, 27]]
0.09s;784;[[6, 2, 3, 23, 4, 11, 28, 14], [12, 1, 16, 30], [20, 5, 25, 10, 15, 22, 9, 8, 18, 29], [21, 31, 19, 17, 13, 7, 26], [24, 27]]
0.09s;784;[[6, 2, 3, 23, 4, 11, 28, 14], [12, 1, 16, 30], [20, 5, 25, 10, 15, 22, 9, 8, 18, 29], [21, 31, 19, 17, 13, 7, 26], [24, 27]]
0.09s;784;[[6, 2, 3, 23, 4, 11, 28, 14], [12, 1, 16, 30], [20, 5, 25, 10, 15, 22, 9, 8, 18, 29], [21, 31, 19, 17, 13, 7, 26], [24, 27]]
0.09s;784;[[6, 3, 2, 23, 4, 11, 28, 14], [12, 1, 16, 30], [20, 5, 25, 10, 15, 22, 9, 8, 18, 29], [21, 31, 19, 17, 13, 7, 26], [24, 27]]
0.09s;784;[[6, 2, 3, 23, 4, 11, 28, 14], [12, 1, 16, 30], [20, 5, 25, 10, 15, 22, 9, 8, 18, 29], [21, 31, 19, 17, 13, 7, 26], [24, 27]]
0.09s;784;[[6, 3, 2, 23, 4, 11, 28, 14], [12, 1, 16, 30], [20, 5, 25, 10, 15, 22, 9, 8, 18, 29], [21, 31, 19, 17, 13, 7, 26], [24, 27]]
0.09s;784;[[6, 2, 3, 23, 4, 11, 28, 14], [12, 1, 16, 30], [20, 5, 25, 10, 15, 22, 9, 8, 18, 29], [21, 31, 19, 17, 13, 7, 26], [24, 27]]
0.10s;784;[[6, 3, 2, 23, 4, 11, 28, 14], [12, 1, 16, 30], [20, 5, 25, 10, 15, 22, 9, 8, 18, 29], [21, 31, 19, 17, 13, 7, 26], [24, 27]]
0.09s;784;[[6, 3, 2, 23, 4, 11, 28, 14], [12, 1, 16, 30], [20, 5, 25, 10, 15, 22, 9, 8, 18, 29], [21, 31, 19, 17, 13, 7, 26], [24, 27]]
0.09s;784;[[6, 2, 3, 23, 4, 11, 28, 14], [12, 1, 16, 30], [20, 5, 25, 10, 15, 22, 9, 8, 18, 29], [21, 31, 19, 17, 13, 7, 26], [24, 27]]
0.09s;784;[[6, 3, 2, 23, 4, 11, 28, 14], [12, 1, 16, 30], [20, 5, 25, 10, 15, 22, 9, 8, 18, 29], [21, 31, 19, 17, 13, 7, 26], [24, 27]]
0.08s;784;[[6, 2, 3, 23, 4, 11, 28, 14], [12, 1, 16, 30], [20, 5, 25, 10, 15, 22, 9, 8, 18, 29], [21, 31, 19, 17, 13, 7, 26], [24, 27]]
0.09s;784;[[6, 2, 3, 23, 4, 11, 28, 14], [12, 1, 16, 30], [20, 5, 25, 10, 15, 22, 9, 8, 18, 29], [21, 31, 19, 17, 13, 7, 26], [24, 27]]
0.08s;784;[[6, 2, 3, 23, 4, 11, 28, 14], [12, 1, 16, 30], [20, 5, 25, 10, 15, 22, 9, 8, 18, 29], [21, 31, 19, 17, 13, 7, 26], [24, 27]]
0.08s;784;[[6, 2, 3, 23, 4, 11, 28, 14], [12, 1, 16, 30], [20, 5, 25, 10, 15, 22, 9, 8, 18, 29], [21, 31, 19, 17, 13, 7, 26], [24, 27]]
0.10s;784;[[6, 2, 3, 23, 4, 11, 28, 14], [12, 1, 16, 30], [20, 5, 25, 10, 15, 22, 9, 8, 18, 29], [21, 31, 19, 17, 13, 7, 26], [24, 27]]
0.09s;784;[[6, 2, 3, 23, 4, 11, 28, 14], [12, 1, 16, 30], [20, 5, 25, 10, 15, 22, 9, 8, 18, 29], [21, 31, 19, 17, 13, 7, 26], [24, 27]]
0.09s;784;[[6, 2, 3, 23, 4, 11, 28, 14], [12, 1, 16, 30], [20, 5, 25, 10, 15, 22, 9, 8, 18, 29], [21, 31, 19, 17, 13, 7, 26], [24, 27]]
0.11s;784;[[6, 2, 3, 23, 4, 11, 28, 14], [12, 1, 16, 30], [20, 5, 25, 10, 15, 22, 9, 8, 18, 29], [21, 31, 19, 17, 13, 7, 26], [24, 27]]
0.09s;784;[[6, 3, 2, 23, 4, 11, 28, 14], [12, 1, 16, 30], [20, 5, 25, 10, 15, 22, 9, 8, 18, 29], [21, 31, 19, 17, 13, 7, 26], [24, 27]]
0.08s;784;[[6, 3, 2, 23, 4, 11, 28, 14], [12, 1, 16, 30], [20, 5, 25, 10, 15, 22, 9, 8, 18, 29], [21, 31, 19, 17, 13, 7, 26], [24, 27]]
0.09s;784;[[6, 3, 2, 23, 4, 11, 28, 14], [12, 1, 16, 30], [20, 5, 25, 10, 15, 22, 9, 8, 18, 29], [21, 31, 19, 17, 13, 7, 26], [24, 27]]
0.10s;784;[[6, 3, 2, 23, 4, 11, 28, 14], [12, 1, 16, 30], [20, 5, 25, 10, 15, 22, 9, 8, 18, 29], [21, 31, 19, 17, 13, 7, 26], [24, 27]]
0.09s;784;[[6, 3, 2, 23, 4, 11, 28, 14], [12, 1, 16, 30], [20, 5, 25, 10, 15, 22, 9, 8, 18, 29], [21, 31, 19, 17, 13, 7, 26], [24, 27]]
0.09s;784;[[6, 2, 3, 23, 4, 11, 28, 14], [12, 1, 16, 30], [20, 5, 25, 10, 15, 22, 9, 8, 18, 29], [21, 31, 19, 17, 13, 7, 26], [24, 27]]
0.08s;784;[[6, 3, 2, 23, 4, 11, 28, 14], [12, 1, 16, 30], [20, 5, 25, 10, 15, 22, 9, 8, 18, 29], [21, 31, 19, 17, 13, 7, 26], [24, 27]]
0.09s;784;[[6, 2, 3, 23, 4, 11, 28, 14], [12, 1, 16, 30], [20, 5, 25, 10, 15, 22, 9, 8, 18, 29], [21, 31, 19, 17, 13, 7, 26], [24, 27]]
0.09s;784;[[6, 2, 3, 23, 4, 11, 28, 14], [12, 1, 16, 30], [20, 5, 25, 10, 15, 22, 9, 8, 18, 29], [21, 31, 19, 17, 13, 7, 26], [24, 27]]
0.09s;784;[[6, 2, 3, 23, 4, 11, 28, 14], [12, 1, 16, 30], [20, 5, 25, 10, 15, 22, 9, 8, 18, 29], [21, 31, 19, 17, 13, 7, 26], [24, 27]]
0.10s;784;[[6, 2, 3, 23, 4, 11, 28, 14], [12, 1, 16, 30], [20, 5, 25, 10, 15, 22, 9, 8, 18, 29], [21, 31, 19, 17, 13, 7, 26], [24, 27]]
0.09s;784;[[6, 2, 3, 23, 4, 11, 28, 14], [12, 1, 16, 30], [20, 5, 25, 10, 15, 22, 9, 8, 18, 29], [21, 31, 19, 17, 13, 7, 26], [24, 27]]
0.09s;784;[[6, 2, 3, 23, 4, 11, 28, 14], [12, 1, 16, 30], [20, 5, 25, 10, 15, 22, 9, 8, 18, 29], [21, 31, 19, 17, 13, 7, 26], [24, 27]]
0.09s;784;[[6, 2, 3, 23, 4, 11, 28, 14], [12, 1, 16, 30], [20, 5, 25, 10, 15, 22, 9, 8, 18, 29], [21, 31, 19, 17, 13, 7, 26], [24, 27]]

avg_time;avg_ans;best;worst
0.10s;784.00;784;784
