elapsed;gap;fitness;solution
1.77s;0.0%;549;[[1, 26, 22, 16, 30, 23, 37, 21, 24, 33, 2], [3, 28, 4, 35, 17, 36, 31], [5, 15, 11, 12, 25, 32, 38, 27], [8, 14, 7, 29], [9, 34, 19, 20, 6, 18, 13, 10]]
0.76s;0.182149%;550;[[1, 26, 22, 16, 30, 23, 37, 24, 21, 33, 2], [3, 28, 17, 35, 4, 36, 31], [5, 15, 11, 12, 25, 32, 38, 27], [8, 10, 6, 18, 13, 14], [9, 7, 19, 20, 34, 29]]
0.69s;0.0%;549;[[1, 26, 22, 16, 30, 23, 37, 21, 24, 33, 2], [3, 28, 17, 35, 4, 36, 31], [5, 15, 11, 12, 25, 32, 38, 27], [8, 14, 7, 29], [9, 34, 20, 19, 6, 18, 13, 10]]
1.17s;0.0%;549;[[1, 26, 22, 16, 30, 23, 37, 21, 24, 33, 2], [3, 28, 17, 35, 4, 36, 31], [5, 15, 11, 12, 25, 32, 38, 27], [8, 14, 7, 29], [9, 34, 19, 20, 6, 18, 13, 10]]
1.28s;0.0%;549;[[1, 26, 22, 16, 30, 23, 37, 21, 24, 33, 2], [3, 28, 4, 35, 17, 36, 31], [5, 15, 11, 12, 25, 32, 38, 27], [8, 14, 7, 29], [9, 34, 19, 20, 6, 18, 13, 10]]
0.60s;0.182149%;550;[[1, 26, 22, 16, 30, 23, 37, 21, 24, 33, 2], [3, 28, 4, 35, 17, 36, 31], [5, 15, 11, 12, 25, 32, 38, 27], [8, 10, 6, 18, 13, 14], [9, 34, 20, 19, 7, 29]]
1.02s;0.0%;549;[[1, 26, 22, 16, 30, 23, 37, 24, 21, 33, 2], [3, 28, 4, 35, 17, 36, 31], [5, 15, 11, 12, 25, 32, 38, 27], [8, 14, 7, 29], [9, 34, 19, 20, 6, 18, 13, 10]]
0.64s;0.0%;549;[[1, 26, 22, 16, 30, 23, 37, 21, 24, 33, 2], [3, 28, 4, 35, 17, 36, 31], [5, 15, 11, 12, 25, 32, 38, 27], [8, 14, 7, 29], [9, 34, 19, 20, 6, 18, 13, 10]]
0.95s;0.0%;549;[[1, 26, 22, 16, 30, 23, 37, 21, 24, 33, 2], [3, 28, 4, 35, 17, 36, 31], [5, 15, 11, 12, 25, 32, 38, 27], [8, 14, 7, 29], [9, 34, 20, 19, 6, 18, 13, 10]]
1.08s;0.0%;549;[[1, 26, 22, 16, 30, 23, 37, 21, 24, 33, 2], [3, 28, 4, 35, 17, 36, 31], [5, 15, 11, 12, 25, 32, 38, 27], [8, 14, 7, 29], [9, 34, 19, 20, 6, 18, 13, 10]]
0.80s;0.0%;549;[[1, 26, 22, 16, 30, 23, 37, 21, 24, 33, 2], [3, 28, 4, 35, 17, 36, 31], [5, 15, 11, 12, 25, 32, 38, 27], [8, 14, 7, 29], [9, 34, 20, 19, 6, 18, 13, 10]]
0.61s;0.182149%;550;[[1, 26, 22, 16, 30, 23, 37, 21, 24, 33, 2], [3, 28, 4, 35, 17, 36, 31], [5, 15, 11, 12, 25, 32, 38, 27], [8, 10, 6, 18, 13, 14], [9, 34, 19, 20, 7, 29]]
0.93s;0.0%;549;[[1, 26, 22, 16, 30, 23, 37, 21, 24, 33, 2], [3, 28, 4, 35, 17, 36, 31], [5, 15, 11, 12, 25, 32, 38, 27], [8, 14, 7, 29], [9, 34, 19, 20, 6, 18, 13, 10]]
0.80s;0.0%;549;[[1, 26, 22, 16, 30, 23, 37, 24, 21, 33, 2], [3, 28, 17, 35, 4, 36, 31], [5, 15, 11, 12, 25, 32, 38, 27], [8, 14, 7, 29], [9, 34, 19, 20, 6, 18, 13, 10]]
0.75s;0.182149%;550;[[1, 26, 22, 16, 30, 23, 37, 24, 21, 33, 2], [3, 28, 17, 35, 4, 36, 31], [5, 15, 11, 12, 25, 32, 38, 27], [8, 10, 6, 18, 13, 14], [9, 7, 19, 20, 34, 29]]
0.61s;0.182149%;550;[[1, 26, 22, 16, 30, 23, 37, 24, 21, 33, 2], [3, 28, 17, 35, 4, 36, 31], [5, 15, 11, 12, 25, 32, 38, 27], [8, 10, 6, 18, 13, 14], [9, 7, 20, 19, 34, 29]]
1.03s;0.0%;549;[[1, 26, 22, 16, 30, 23, 37, 21, 24, 33, 2], [3, 28, 17, 35, 4, 36, 31], [5, 15, 11, 12, 25, 32, 38, 27], [8, 14, 7, 29], [9, 34, 19, 20, 6, 18, 13, 10]]
1.17s;0.0%;549;[[1, 26, 22, 16, 30, 23, 37, 24, 21, 33, 2], [3, 28, 4, 35, 17, 36, 31], [5, 15, 11, 12, 25, 32, 38, 27], [8, 14, 7, 29], [9, 34, 19, 20, 6, 18, 13, 10]]
0.94s;0.0%;549;[[1, 26, 22, 16, 30, 23, 37, 21, 24, 33, 2], [3, 28, 17, 35, 4, 36, 31], [5, 15, 11, 12, 25, 32, 38, 27], [8, 14, 7, 29], [9, 34, 19, 20, 6, 18, 13, 10]]
1.01s;0.0%;549;[[1, 26, 22, 16, 30, 23, 37, 24, 21, 33, 2], [3, 28, 4, 35, 17, 36, 31], [5, 15, 11, 12, 25, 32, 38, 27], [8, 14, 7, 29], [9, 34, 20, 19, 6, 18, 13, 10]]
1.21s;0.0%;549;[[1, 26, 22, 16, 30, 23, 37, 21, 24, 33, 2], [3, 28, 17, 35, 4, 36, 31], [5, 15, 11, 12, 25, 32, 38, 27], [8, 14, 7, 29], [9, 34, 19, 20, 6, 18, 13, 10]]
0.60s;0.182149%;550;[[1, 26, 22, 16, 30, 23, 37, 24, 21, 33, 2], [3, 28, 17, 35, 4, 36, 31], [5, 15, 11, 12, 25, 32, 38, 27], [8, 10, 13, 18, 6, 19, 20, 9], [14, 7, 34, 29]]
0.99s;0.0%;549;[[1, 26, 22, 16, 30, 23, 37, 24, 21, 33, 2], [3, 28, 17, 35, 4, 36, 31], [5, 15, 11, 12, 25, 32, 38, 27], [8, 14, 7, 29], [9, 34, 19, 20, 6, 18, 13, 10]]
0.81s;0.0%;549;[[1, 26, 22, 16, 30, 23, 37, 24, 21, 33, 2], [3, 28, 17, 35, 4, 36, 31], [5, 15, 11, 12, 25, 32, 38, 27], [8, 14, 7, 29], [9, 34, 19, 20, 6, 18, 13, 10]]
0.91s;0.0%;549;[[1, 26, 22, 16, 30, 23, 37, 24, 21, 33, 2], [3, 28, 17, 35, 4, 36, 31], [5, 15, 11, 12, 25, 32, 38, 27], [8, 14, 7, 29], [9, 34, 19, 20, 6, 18, 13, 10]]
0.60s;0.182149%;550;[[1, 26, 22, 16, 30, 23, 37, 21, 24, 33, 2], [3, 28, 17, 35, 4, 36, 31], [5, 15, 11, 12, 25, 32, 38, 27], [8, 10, 13, 18, 6, 19, 20, 9], [14, 7, 34, 29]]
0.72s;0.0%;549;[[1, 26, 22, 16, 30, 23, 37, 24, 21, 33, 2], [3, 28, 17, 35, 4, 36, 31], [5, 15, 11, 12, 25, 32, 38, 27], [8, 14, 7, 29], [9, 34, 20, 19, 6, 18, 13, 10]]
0.65s;0.0%;549;[[1, 26, 22, 16, 30, 23, 37, 21, 24, 33, 2], [3, 28, 17, 35, 4, 36, 31], [5, 15, 11, 12, 25, 32, 38, 27], [8, 14, 7, 29], [9, 34, 19, 20, 6, 18, 13, 10]]
0.94s;0.0%;549;[[1, 26, 22, 16, 30, 23, 37, 21, 24, 33, 2], [3, 28, 4, 35, 17, 36, 31], [5, 15, 11, 12, 25, 32, 38, 27], [8, 14, 7, 29], [9, 34, 19, 20, 6, 18, 13, 10]]
0.63s;0.0%;549;[[1, 26, 22, 16, 30, 23, 37, 24, 21, 33, 2], [3, 28, 4, 35, 17, 36, 31], [5, 15, 11, 12, 25, 32, 38, 27], [8, 14, 7, 29], [9, 34, 19, 20, 6, 18, 13, 10]]

avg_time;avg_ans;best_ans;worst_ans;avg_gap;best_gap;worst_gap
0.89s;549.23;549;550;0.0425015%;0.0%;0.182149%
