elapsed;gap;fitness;solution
3.34s;0.0%;521;[[6, 14, 25, 24, 43, 7, 23, 48, 27], [8, 26, 31, 28, 3, 36, 35, 20, 22, 1, 32], [11, 16, 2, 29, 21, 50, 34, 30, 9, 38], [12, 37, 44, 15, 45, 33, 39, 10, 49, 5, 46], [18, 13, 41, 19, 40, 42, 17, 4, 47]]
1.64s;0.0%;521;[[5, 49, 10, 39, 33, 45, 15, 44, 37, 17, 12], [6, 14, 25, 24, 43, 7, 23, 48, 27], [8, 26, 31, 28, 3, 36, 35, 20, 22, 1, 32, 46], [11, 16, 2, 29, 21, 50, 34, 30, 9, 38], [18, 13, 41, 19, 40, 42, 4, 47]]
2.05s;0.0%;521;[[6, 14, 25, 24, 43, 7, 23, 48, 27], [8, 26, 31, 28, 3, 36, 35, 20, 22, 1, 32], [11, 2, 29, 21, 16, 50, 34, 30, 9, 38], [12, 37, 44, 15, 45, 33, 39, 10, 49, 5, 46], [18, 13, 41, 40, 19, 42, 17, 4, 47]]
1.76s;0.0%;521;[[5, 49, 10, 39, 33, 45, 15, 44, 37, 17, 12], [6, 14, 25, 24, 43, 7, 23, 48, 27], [8, 26, 31, 28, 3, 36, 35, 20, 22, 1, 32, 46], [11, 16, 2, 29, 21, 50, 34, 30, 9, 38], [18, 13, 41, 40, 19, 42, 4, 47]]
1.94s;0.0%;521;[[5, 49, 10, 39, 33, 45, 15, 44, 37, 17, 12], [6, 14, 25, 24, 43, 7, 23, 48, 27], [8, 26, 31, 28, 3, 36, 35, 20, 22, 1, 32, 46], [11, 16, 2, 29, 21, 50, 34, 30, 9, 38], [18, 13, 41, 40, 19, 42, 4, 47]]
2.13s;0.0%;521;[[5, 49, 10, 39, 33, 45, 15, 44, 37, 17, 12], [6, 14, 25, 24, 43, 7, 23, 48, 27], [8, 26, 31, 28, 3, 36, 35, 20, 22, 1, 32, 46], [11, 2, 29, 21, 16, 50, 34, 30, 9, 38], [18, 13, 41, 19, 40, 42, 4, 47]]
2.13s;0.0%;521;[[5, 49, 10, 39, 33, 45, 15, 44, 37, 17, 12], [6, 14, 25, 24, 43, 7, 23, 48, 27], [8, 26, 31, 28, 3, 36, 35, 20, 22, 1, 32, 46], [11, 2, 29, 21, 16, 50, 34, 30, 9, 38], [18, 13, 41, 40, 19, 42, 4, 47]]
2.49s;0.0%;521;[[5, 49, 10, 39, 33, 45, 15, 44, 37, 17, 12], [6, 14, 25, 24, 43, 7, 23, 48, 27], [8, 26, 31, 28, 3, 36, 35, 20, 22, 1, 32, 46], [11, 16, 2, 29, 21, 50, 34, 30, 9, 38], [18, 13, 41, 40, 19, 42, 4, 47]]
1.49s;0.0%;521;[[5, 49, 10, 39, 33, 45, 15, 44, 37, 17, 12], [6, 14, 25, 24, 43, 7, 23, 48, 27], [8, 26, 31, 28, 3, 36, 35, 20, 22, 1, 32, 46], [11, 2, 29, 21, 16, 50, 34, 30, 9, 38], [18, 13, 41, 19, 40, 42, 4, 47]]
2.43s;0.0%;521;[[5, 49, 10, 39, 33, 45, 15, 44, 37, 17, 12], [6, 14, 25, 24, 43, 7, 23, 48, 27], [8, 26, 31, 28, 3, 36, 35, 20, 22, 1, 32, 46], [11, 16, 2, 29, 21, 50, 34, 30, 9, 38], [18, 13, 41, 40, 19, 42, 4, 47]]
2.31s;0.0%;521;[[5, 49, 10, 39, 33, 45, 15, 44, 37, 17, 12], [6, 14, 25, 24, 43, 7, 23, 48, 27], [8, 26, 31, 28, 3, 36, 35, 20, 22, 1, 32, 46], [11, 2, 29, 21, 16, 50, 34, 30, 9, 38], [18, 13, 41, 19, 40, 42, 4, 47]]
2.03s;0.0%;521;[[6, 14, 25, 24, 43, 7, 23, 48, 27], [8, 26, 31, 28, 3, 36, 35, 20, 22, 1, 32], [11, 2, 29, 21, 16, 50, 34, 30, 9, 38], [12, 37, 44, 15, 45, 33, 39, 10, 49, 5, 46], [18, 13, 41, 40, 19, 42, 17, 4, 47]]
1.58s;0.0%;521;[[5, 49, 10, 39, 33, 45, 15, 44, 37, 17, 12], [6, 14, 25, 24, 43, 7, 23, 48, 27], [8, 26, 31, 28, 3, 36, 35, 20, 22, 1, 32, 46], [11, 2, 29, 21, 16, 50, 34, 30, 9, 38], [18, 13, 41, 40, 19, 42, 4, 47]]
1.52s;0.0%;521;[[6, 14, 25, 24, 43, 7, 23, 48, 27], [8, 26, 31, 28, 3, 36, 35, 20, 22, 1, 32], [11, 16, 2, 29, 21, 50, 34, 30, 9, 38], [12, 37, 44, 15, 45, 33, 39, 10, 49, 5, 46], [18, 13, 41, 40, 19, 42, 17, 4, 47]]
1.96s;0.0%;521;[[6, 14, 25, 24, 43, 7, 23, 48, 27], [8, 26, 31, 28, 3, 36, 35, 20, 22, 1, 32], [11, 2, 29, 21, 16, 50, 34, 30, 9, 38], [12, 37, 44, 15, 45, 33, 39, 10, 49, 5, 46], [18, 13, 41, 40, 19, 42, 17, 4, 47]]
1.83s;0.0%;521;[[5, 49, 10, 39, 33, 45, 15, 44, 37, 17, 12], [6, 14, 25, 24, 43, 7, 23, 48, 27], [8, 26, 31, 28, 3, 36, 35, 20, 22, 1, 32, 46], [11, 2, 29, 21, 16, 50, 34, 30, 9, 38], [18, 13, 41, 19, 40, 42, 4, 47]]
1.51s;0.0%;521;[[5, 49, 10, 39, 33, 45, 15, 44, 37, 17, 12], [6, 14, 25, 24, 43, 7, 23, 48, 27], [8, 26, 31, 28, 3, 36, 35, 20, 22, 1, 32, 46], [11, 16, 2, 29, 21, 50, 34, 30, 9, 38], [18, 13, 41, 19, 40, 42, 4, 47]]
2.57s;0.0%;521;[[6, 14, 25, 24, 43, 7, 23, 48, 27], [8, 26, 31, 28, 3, 36, 35, 20, 22, 1, 32], [11, 2, 29, 21, 16, 50, 34, 30, 9, 38], [12, 37, 44, 15, 45, 33, 39, 10, 49, 5, 46], [18, 13, 41, 40, 19, 42, 17, 4, 47]]
1.97s;0.0%;521;[[5, 49, 10, 39, 33, 45, 15, 44, 37, 17, 12], [6, 14, 25, 24, 43, 7, 23, 48, 27], [8, 26, 31, 28, 3, 36, 35, 20, 22, 1, 32, 46], [11, 2, 29, 21, 16, 50, 34, 30, 9, 38], [18, 13, 41, 40, 19, 42, 4, 47]]
1.67s;0.0%;521;[[5, 49, 10, 39, 33, 45, 15, 44, 37, 17, 12], [6, 14, 25, 24, 43, 7, 23, 48, 27], [8, 26, 31, 28, 3, 36, 35, 20, 22, 1, 32, 46], [11, 2, 29, 21, 16, 50, 34, 30, 9, 38], [18, 13, 41, 40, 19, 42, 4, 47]]
1.66s;0.0%;521;[[6, 14, 25, 24, 43, 7, 23, 48, 27], [8, 26, 31, 28, 3, 36, 35, 20, 22, 1, 32], [11, 16, 2, 29, 21, 50, 34, 30, 9, 38], [12, 37, 44, 15, 45, 33, 39, 10, 49, 5, 46], [18, 13, 41, 40, 19, 42, 17, 4, 47]]
1.60s;0.0%;521;[[6, 14, 25, 24, 43, 7, 23, 48, 27], [8, 26, 31, 28, 3, 36, 35, 20, 22, 1, 32], [11, 2, 29, 21, 16, 50, 34, 30, 9, 38], [12, 37, 44, 15, 45, 33, 39, 10, 49, 5, 46], [18, 13, 41, 40, 19, 42, 17, 4, 47]]
2.07s;0.0%;521;[[5, 49, 10, 39, 33, 45, 15, 44, 37, 17, 12], [6, 14, 25, 24, 43, 7, 23, 48, 27], [8, 26, 31, 28, 3, 36, 35, 20, 22, 1, 32, 46], [11, 2, 29, 21, 16, 50, 34, 30, 9, 38], [18, 13, 41, 19, 40, 42, 4, 47]]
2.48s;0.0%;521;[[5, 49, 10, 39, 33, 45, 15, 44, 37, 17, 12], [6, 14, 25, 24, 43, 7, 23, 48, 27], [8, 26, 31, 28, 3, 36, 35, 20, 22, 1, 32, 46], [11, 16, 2, 29, 21, 50, 34, 30, 9, 38], [18, 13, 41, 40, 19, 42, 4, 47]]
1.98s;0.0%;521;[[5, 49, 10, 39, 33, 45, 15, 44, 37, 17, 12], [6, 14, 25, 24, 43, 7, 23, 48, 27], [8, 26, 31, 28, 3, 36, 35, 20, 22, 1, 32, 46], [11, 2, 29, 21, 16, 50, 34, 30, 9, 38], [18, 13, 41, 40, 19, 42, 4, 47]]
1.90s;0.0%;521;[[6, 14, 25, 24, 43, 7, 23, 48, 27], [8, 26, 31, 28, 3, 36, 35, 20, 22, 1, 32], [11, 2, 29, 21, 16, 50, 34, 30, 9, 38], [12, 37, 44, 15, 45, 33, 39, 10, 49, 5, 46], [18, 13, 41, 40, 19, 42, 17, 4, 47]]
2.38s;0.0%;521;[[5, 49, 10, 39, 33, 45, 15, 44, 37, 17, 12], [6, 14, 25, 24, 43, 7, 23, 48, 27], [8, 26, 31, 28, 3, 36, 35, 20, 22, 1, 32, 46], [11, 16, 2, 29, 21, 50, 34, 30, 9, 38], [18, 13, 41, 19, 40, 42, 4, 47]]
1.83s;0.0%;521;[[6, 14, 25, 24, 43, 7, 23, 48, 27], [8, 26, 31, 28, 3, 36, 35, 20, 22, 1, 32], [11, 16, 2, 29, 21, 50, 34, 30, 9, 38], [12, 37, 44, 15, 45, 33, 39, 10, 49, 5, 46], [18, 13, 41, 40, 19, 42, 17, 4, 47]]
1.52s;0.0%;521;[[6, 14, 25, 24, 43, 7, 23, 48, 27], [8, 26, 31, 28, 3, 36, 35, 20, 22, 1, 32], [11, 2, 29, 21, 16, 50, 34, 30, 9, 38], [12, 37, 44, 15, 45, 33, 39, 10, 49, 5, 46], [18, 13, 41, 19, 40, 42, 17, 4, 47]]
1.82s;0.0%;521;[[5, 49, 10, 39, 33, 45, 15, 44, 37, 17, 12], [6, 14, 25, 24, 43, 7, 23, 48, 27], [8, 26, 31, 28, 3, 36, 35, 20, 22, 1, 32, 46], [11, 2, 29, 21, 16, 50, 34, 30, 9, 38], [18, 13, 41, 19, 40, 42, 4, 47]]

avg_time;avg_ans;best_ans;worst_ans;avg_gap;best_gap;worst_gap
1.99s;521.00;521;521;0.0%;0.0%;0.0%
