elapsed;gap;fitness;solution
1.90s;0.0%;458;[[1, 22, 28, 3, 36, 35, 20, 2, 32], [5, 10, 39, 33, 15, 37, 17, 12], [6, 24, 23, 7, 26, 31, 8, 27], [11, 16, 29, 21, 34, 30, 9, 38], [14, 25, 13, 19, 4, 18]]
0.84s;0.0%;458;[[1, 22, 28, 3, 36, 35, 20, 2, 32], [5, 10, 39, 33, 15, 37, 17, 12], [6, 24, 23, 7, 26, 31, 8, 27], [11, 16, 29, 21, 34, 30, 9, 38], [14, 25, 13, 19, 4, 18]]
0.75s;0.0%;458;[[1, 22, 28, 3, 36, 35, 20, 2, 32], [5, 10, 39, 33, 15, 37, 17, 12], [6, 24, 23, 7, 26, 31, 8, 27], [11, 16, 29, 21, 34, 30, 9, 38], [14, 25, 13, 19, 4, 18]]
0.69s;0.0%;458;[[1, 22, 28, 3, 36, 35, 20, 2, 32], [5, 10, 39, 33, 15, 37, 17, 12], [6, 24, 23, 7, 26, 31, 8, 27], [11, 16, 29, 21, 34, 30, 9, 38], [14, 25, 13, 19, 4, 18]]
0.83s;0.0%;458;[[1, 22, 28, 3, 36, 35, 20, 2, 32], [5, 10, 39, 33, 15, 37, 17, 12], [6, 24, 23, 7, 26, 31, 8, 27], [11, 16, 29, 21, 34, 30, 9, 38], [14, 25, 13, 19, 4, 18]]
0.86s;0.0%;458;[[1, 22, 28, 3, 36, 35, 20, 2, 32], [5, 10, 39, 33, 15, 37, 17, 12], [6, 24, 23, 7, 26, 31, 8, 27], [11, 16, 29, 21, 34, 30, 9, 38], [14, 25, 13, 19, 4, 18]]
0.67s;0.0%;458;[[1, 22, 28, 3, 36, 35, 20, 2, 32], [5, 10, 39, 33, 15, 37, 17, 12], [6, 24, 23, 7, 26, 31, 8, 27], [11, 16, 29, 21, 34, 30, 9, 38], [14, 25, 13, 19, 4, 18]]
0.68s;0.0%;458;[[1, 22, 28, 3, 36, 35, 20, 2, 32], [5, 10, 39, 33, 15, 37, 17, 12], [6, 24, 23, 7, 26, 31, 8, 27], [11, 16, 29, 21, 34, 30, 9, 38], [14, 25, 13, 19, 4, 18]]
0.65s;0.0%;458;[[1, 22, 28, 3, 36, 35, 20, 2, 32], [5, 10, 39, 33, 15, 37, 17, 12], [6, 24, 23, 7, 26, 31, 8, 27], [11, 16, 29, 21, 34, 30, 9, 38], [14, 25, 13, 19, 4, 18]]
0.79s;0.0%;458;[[1, 22, 28, 3, 36, 35, 20, 2, 32], [5, 10, 39, 33, 15, 37, 17, 12], [6, 24, 23, 7, 26, 31, 8, 27], [11, 16, 29, 21, 34, 30, 9, 38], [14, 25, 13, 19, 4, 18]]
0.64s;0.0%;458;[[1, 22, 28, 3, 36, 35, 20, 2, 32], [5, 10, 39, 33, 15, 37, 17, 12], [6, 24, 23, 7, 26, 31, 8, 27], [11, 16, 29, 21, 34, 30, 9, 38], [14, 25, 13, 19, 4, 18]]
0.81s;0.0%;458;[[1, 22, 28, 3, 36, 35, 20, 2, 32], [5, 10, 39, 33, 15, 37, 17, 12], [6, 24, 23, 7, 26, 31, 8, 27], [11, 16, 29, 21, 34, 30, 9, 38], [14, 25, 13, 19, 4, 18]]
0.69s;0.0%;458;[[1, 22, 28, 3, 36, 35, 20, 2, 32], [5, 10, 39, 33, 15, 37, 17, 12], [6, 24, 23, 7, 26, 31, 8, 27], [11, 16, 29, 21, 34, 30, 9, 38], [14, 25, 13, 19, 4, 18]]
0.63s;0.0%;458;[[1, 22, 28, 3, 36, 35, 20, 2, 32], [5, 10, 39, 33, 15, 37, 17, 12], [6, 24, 23, 7, 26, 31, 8, 27], [11, 16, 29, 21, 34, 30, 9, 38], [14, 25, 13, 19, 4, 18]]
0.76s;0.0%;458;[[1, 22, 28, 3, 36, 35, 20, 2, 32], [5, 10, 39, 33, 15, 37, 17, 12], [6, 24, 23, 7, 26, 31, 8, 27], [11, 16, 29, 21, 34, 30, 9, 38], [14, 25, 13, 19, 4, 18]]
0.61s;0.0%;458;[[1, 22, 28, 3, 36, 35, 20, 2, 32], [5, 10, 39, 33, 15, 37, 17, 12], [6, 24, 23, 7, 26, 31, 8, 27], [11, 16, 29, 21, 34, 30, 9, 38], [14, 25, 13, 19, 4, 18]]
0.86s;0.0%;458;[[1, 22, 28, 3, 36, 35, 20, 2, 32], [5, 10, 39, 33, 15, 37, 17, 12], [6, 24, 23, 7, 26, 31, 8, 27], [11, 16, 29, 21, 34, 30, 9, 38], [14, 25, 13, 19, 4, 18]]
0.63s;0.0%;458;[[1, 22, 28, 3, 36, 35, 20, 2, 32], [5, 10, 39, 33, 15, 37, 17, 12], [6, 24, 23, 7, 26, 31, 8, 27], [11, 16, 29, 21, 34, 30, 9, 38], [14, 25, 13, 19, 4, 18]]
0.67s;0.0%;458;[[1, 22, 28, 3, 36, 35, 20, 2, 32], [5, 10, 39, 33, 15, 37, 17, 12], [6, 24, 23, 7, 26, 31, 8, 27], [11, 16, 29, 21, 34, 30, 9, 38], [14, 25, 13, 19, 4, 18]]
0.64s;0.0%;458;[[1, 22, 28, 3, 36, 35, 20, 2, 32], [5, 10, 39, 33, 15, 37, 17, 12], [6, 24, 23, 7, 26, 31, 8, 27], [11, 16, 29, 21, 34, 30, 9, 38], [14, 25, 13, 19, 4, 18]]
0.63s;0.0%;458;[[1, 22, 28, 3, 36, 35, 20, 2, 32], [5, 10, 39, 33, 15, 37, 17, 12], [6, 24, 23, 7, 26, 31, 8, 27], [11, 16, 29, 21, 34, 30, 9, 38], [14, 25, 13, 19, 4, 18]]
0.67s;0.0%;458;[[1, 22, 28, 3, 36, 35, 20, 2, 32], [5, 10, 39, 33, 15, 37, 17, 12], [6, 24, 23, 7, 26, 31, 8, 27], [11, 16, 29, 21, 34, 30, 9, 38], [14, 25, 13, 19, 4, 18]]
0.62s;0.0%;458;[[1, 22, 28, 3, 36, 35, 20, 2, 32], [5, 10, 39, 33, 15, 37, 17, 12], [6, 24, 23, 7, 26, 31, 8, 27], [11, 16, 29, 21, 34, 30, 9, 38], [14, 25, 13, 19, 4, 18]]
0.69s;0.0%;458;[[1, 22, 28, 3, 36, 35, 20, 2, 32], [5, 10, 39, 33, 15, 37, 17, 12], [6, 24, 23, 7, 26, 31, 8, 27], [11, 16, 29, 21, 34, 30, 9, 38], [14, 25, 13, 19, 4, 18]]
0.73s;0.0%;458;[[1, 22, 28, 3, 36, 35, 20, 2, 32], [5, 10, 39, 33, 15, 37, 17, 12], [6, 24, 23, 7, 26, 31, 8, 27], [11, 16, 29, 21, 34, 30, 9, 38], [14, 25, 13, 19, 4, 18]]
0.60s;0.0%;458;[[1, 22, 28, 3, 36, 35, 20, 2, 32], [5, 10, 39, 33, 15, 37, 17, 12], [6, 24, 23, 7, 26, 31, 8, 27], [11, 16, 29, 21, 34, 30, 9, 38], [14, 25, 13, 19, 4, 18]]
0.65s;0.0%;458;[[1, 22, 28, 3, 36, 35, 20, 2, 32], [5, 10, 39, 33, 15, 37, 17, 12], [6, 24, 23, 7, 26, 31, 8, 27], [11, 16, 29, 21, 34, 30, 9, 38], [14, 25, 13, 19, 4, 18]]
0.84s;0.0%;458;[[1, 22, 28, 3, 36, 35, 20, 2, 32], [5, 10, 39, 33, 15, 37, 17, 12], [6, 24, 23, 7, 26, 31, 8, 27], [11, 16, 29, 21, 34, 30, 9, 38], [14, 25, 13, 19, 4, 18]]
0.76s;0.0%;458;[[1, 22, 28, 3, 36, 35, 20, 2, 32], [5, 10, 39, 33, 15, 37, 17, 12], [6, 24, 23, 7, 26, 31, 8, 27], [11, 16, 29, 21, 34, 30, 9, 38], [14, 25, 13, 19, 4, 18]]
0.62s;0.0%;458;[[1, 22, 28, 3, 36, 35, 20, 2, 32], [5, 10, 39, 33, 15, 37, 17, 12], [6, 24, 23, 7, 26, 31, 8, 27], [11, 16, 29, 21, 34, 30, 9, 38], [14, 25, 13, 19, 4, 18]]

avg_time;avg_ans;best_ans;worst_ans;avg_gap;best_gap;worst_gap
0.75s;458.00;458;458;0.0%;0.0%;0.0%
