elapsed;gap;fitness;solution
4.00s;1.00865%;701;[[1, 23, 43, 41, 42, 22, 28], [2, 21, 47, 48, 30], [4, 52, 8, 46, 34], [6, 33], [10, 31, 9, 39, 12], [15, 20, 37, 36, 5, 29, 45], [17, 3, 44, 32, 40], [25, 50, 18, 24, 49, 16, 51], [26, 7, 35, 19, 54, 13, 27], [38, 11, 14, 53]]
3.66s;0.144092%;695;[[1, 43, 42, 41, 23, 49, 24, 51], [2, 28, 22, 33, 6], [4], [7, 53, 11, 14, 35], [12, 9, 25, 18, 50, 17], [16, 3, 44, 32, 40], [26, 38, 10, 31, 39], [27, 13, 15, 20, 37, 5, 45], [29, 48, 47, 36, 21, 30], [34, 52, 54, 19, 8, 46]]
2.70s;0.720461%;699;[[1, 23, 43, 41, 42, 22, 28], [2, 21, 47, 48, 30], [3, 44, 50, 18, 24, 49, 16], [4, 27, 13, 54, 19, 35, 7], [6, 33, 51], [12, 39, 9, 40, 17], [15, 20, 37, 36, 5, 29, 45], [26, 10, 31, 25, 32], [34, 52, 8, 46], [38, 11, 14, 53]]
4.69s;0.288184%;696;[[1, 43, 42, 41, 23, 16, 51], [2, 28, 22, 33, 6], [4, 34, 46], [7, 53, 11, 14, 35], [9, 25, 50, 18, 24, 49], [12, 39, 31, 10, 38], [15, 20, 37, 36, 47, 21], [17, 3, 44, 32, 40], [26, 8, 19, 54, 13, 27, 52], [30, 48, 5, 29, 45]]
3.61s;0.864553%;700;[[3, 44, 50, 18, 24, 49, 51], [4, 30, 2, 6], [7, 35, 19, 54, 13, 27, 52], [12, 39, 9, 40, 17], [15, 20, 37, 36, 5, 29, 45], [16, 23, 41, 42, 43, 1, 33], [22, 28, 21, 47, 48], [26, 10, 31, 25, 32], [34, 8, 46], [38, 11, 14, 53]]
4.90s;0.576369%;698;[[1, 43, 41, 42, 22, 28], [2, 21, 47, 48, 30], [4, 46], [6, 33, 23, 24, 49, 16, 51], [7, 53, 11, 14, 35], [8, 19, 54, 13, 27, 52, 34], [9, 25, 18, 50, 32], [12, 40, 44, 3, 17], [26, 38, 10, 31, 39], [29, 5, 36, 37, 20, 15, 45]]
4.46s;1.00865%;701;[[4, 30, 2, 6], [7, 35, 19, 54, 13, 27, 52], [10, 31, 9, 39, 12], [15, 20, 37, 5, 29, 45], [17, 3, 44, 32, 40], [23, 43, 41, 42, 22, 1, 33], [25, 50, 18, 24, 49, 16, 51], [26, 8, 46, 34], [28, 21, 36, 47, 48], [38, 11, 14, 53]]
1.55s;0.720461%;699;[[1, 43, 41, 42, 22, 28], [2, 21, 47, 48, 30], [4, 52, 8, 35, 7, 26], [6, 33, 23, 24, 49, 16, 51], [11, 38, 10, 31], [12, 39, 9, 25, 18, 50], [15, 20, 37, 36, 5, 29, 45], [17, 3, 44, 32, 40], [27, 13, 54, 19, 14, 53], [34, 46]]
4.19s;0.576369%;698;[[2, 28, 22, 42, 41, 43], [4], [6, 3, 44, 32, 40], [7, 53, 11, 14, 35], [12, 9, 25, 18, 50, 17], [26, 38, 10, 31, 39], [27, 13, 15, 20, 37, 5, 45], [29, 48, 47, 36, 21, 30], [33, 1, 23, 24, 49, 16, 51], [34, 52, 54, 19, 8, 46]]
4.58s;0.576369%;698;[[1, 23, 43, 41, 42, 22, 28], [2, 21, 47, 48, 30], [4, 27, 13, 54, 19, 35, 7], [6, 33, 51], [10, 31, 25, 9, 39], [16, 49, 24, 18, 50, 32], [17, 3, 44, 40, 12, 26], [29, 5, 36, 37, 20, 15, 45], [34, 52, 8, 46], [38, 11, 14, 53]]
3.45s;1.15274%;702;[[2, 28, 22, 6], [4, 27, 13, 54, 19, 35, 7], [10, 31, 25, 9, 39], [15, 20, 37, 36, 47, 21], [16, 23, 41, 42, 43, 1, 33], [17, 3, 44, 40, 12, 26], [30, 48, 5, 29, 45], [32, 50, 18, 24, 49, 51], [34, 52, 8, 46], [38, 11, 14, 53]]
3.06s;0.576369%;698;[[1, 23, 43, 41, 42, 22, 28], [2, 21, 47, 48, 30], [4, 27, 13, 54, 19, 35, 7], [6, 33, 51], [10, 31, 25, 9, 39], [16, 49, 24, 18, 50, 32], [17, 3, 44, 40, 12, 26], [29, 5, 36, 37, 20, 15, 45], [34, 52, 8, 46], [38, 11, 14, 53]]
1.98s;0.720461%;699;[[1, 43, 41, 42, 22, 28], [2, 21, 47, 48, 30], [4, 26], [6, 33, 23, 24, 49, 16, 51], [7, 35, 53, 14, 19, 8], [11, 38, 10, 31], [12, 39, 9, 25, 18, 50], [15, 20, 37, 36, 5, 29, 45], [17, 3, 44, 32, 40], [34, 52, 27, 13, 54, 46]]
6.46s;0.432277%;697;[[2, 22, 28, 21, 48], [4], [6, 33, 1, 43, 42, 41, 23], [10, 31, 39, 9, 12], [15, 20, 37, 36, 47, 5, 29], [17, 3, 44, 32, 40], [25, 50, 18, 24, 49, 16, 51], [26, 7, 8, 52, 34, 46], [30, 45, 27, 13, 54, 19, 35], [38, 11, 14, 53]]
2.62s;1.58501%;705;[[2, 28, 21, 36, 47], [3, 44, 50, 18, 24, 49, 16], [4, 45, 48, 30], [6, 51, 17, 26], [7, 53, 11, 14, 35], [12, 39, 31, 10, 38], [23, 43, 41, 42, 22, 1, 33], [29, 5, 37, 20, 15, 27, 52], [32, 25, 9, 40], [34, 13, 54, 19, 8, 46]]
3.95s;1.29683%;703;[[1, 22, 42, 41, 43, 23, 16, 51], [4, 27, 13, 54, 19, 35, 7], [6, 33, 2, 30], [9, 25, 50, 18, 24, 49], [12, 39, 31, 10, 26], [15, 20, 37, 5, 29, 45], [17, 3, 44, 32, 40], [28, 21, 36, 47, 48], [34, 52, 8, 46], [38, 11, 14, 53]]
3.87s;0.576369%;698;[[1, 43, 41, 42, 22, 28], [2, 21, 47, 48, 30], [4, 46], [6, 33, 23, 24, 49, 16, 51], [7, 53, 11, 14, 35], [8, 19, 54, 13, 27, 52, 34], [9, 25, 18, 50, 32], [12, 40, 44, 3, 17], [15, 20, 37, 36, 5, 29, 45], [26, 38, 10, 31, 39]]
4.43s;0.720461%;699;[[1, 23, 43, 41, 42, 22, 28], [2, 21, 47, 48, 30], [3, 44, 50, 18, 24, 49, 16], [4, 27, 13, 54, 19, 35, 7], [6, 33, 51], [12, 39, 9, 40, 17], [26, 10, 31, 25, 32], [29, 5, 36, 37, 20, 15, 45], [34, 52, 8, 46], [38, 11, 14, 53]]
5.39s;0.576369%;698;[[1, 43, 41, 42, 22, 28], [2, 21, 47, 48, 30], [4, 46], [6, 33, 23, 24, 49, 16, 51], [7, 53, 11, 14, 35], [8, 19, 54, 13, 27, 52, 34], [9, 25, 18, 50, 32], [12, 40, 44, 3, 17], [26, 38, 10, 31, 39], [29, 5, 36, 37, 20, 15, 45]]
3.91s;1.00865%;701;[[1, 43, 42, 41, 23, 16, 51], [2, 28, 22, 33, 6], [4, 27, 13, 54, 19, 35, 7], [9, 25, 50, 18, 24, 49], [12, 39, 31, 10, 26], [15, 20, 37, 36, 47, 21], [17, 3, 44, 32, 40], [30, 48, 5, 29, 45], [34, 52, 8, 46], [38, 11, 14, 53]]
5.39s;0.0%;694;[[2, 21, 47, 48, 30], [4], [6, 33, 16, 3, 44, 17], [7, 53, 14, 35, 46], [8, 19, 54, 13, 27, 52, 34], [11, 38, 10, 31], [15, 20, 37, 36, 5, 29, 45], [23, 49, 24, 18, 50, 25, 32], [26, 12, 39, 9, 40], [28, 22, 42, 41, 43, 1, 51]]
4.62s;0.576369%;698;[[1, 43, 41, 42, 22, 28], [2, 21, 47, 48, 30], [4, 34, 46], [6, 33, 23, 24, 49, 16, 51], [7, 53, 11, 14, 35], [8, 19, 54, 13, 27, 52], [9, 25, 18, 50, 32], [12, 40, 44, 3, 17], [26, 38, 10, 31, 39], [29, 5, 36, 37, 20, 15, 45]]
4.58s;0.576369%;698;[[1, 43, 41, 42, 22, 28], [2, 21, 47, 48, 30], [4, 34, 46], [6, 33, 23, 24, 49, 16, 51], [7, 53, 11, 14, 35], [8, 19, 54, 13, 27, 52], [9, 25, 18, 50, 32], [12, 40, 44, 3, 17], [15, 20, 37, 36, 5, 29, 45], [26, 38, 10, 31, 39]]
2.92s;0.720461%;699;[[1, 23, 43, 41, 42, 22, 28], [2, 21, 47, 48, 30], [3, 44, 50, 18, 24, 49, 16], [4, 27, 13, 54, 19, 35, 7], [6, 33, 51], [12, 39, 9, 40, 17], [15, 20, 37, 36, 5, 29, 45], [26, 10, 31, 25, 32], [34, 52, 8, 46], [38, 11, 14, 53]]
3.91s;0.288184%;696;[[1, 43, 42, 41, 23, 16, 51], [2, 28, 22, 33, 6], [4, 34, 46], [7, 53, 11, 14, 35], [9, 25, 50, 18, 24, 49], [12, 39, 31, 10, 38], [15, 20, 37, 36, 47, 21], [17, 3, 44, 32, 40], [26, 8, 19, 54, 13, 27, 52], [30, 48, 5, 29, 45]]
4.77s;0.864553%;700;[[3, 44, 50, 18, 24, 49, 51], [4, 30, 2, 6], [7, 35, 19, 54, 13, 27, 52], [12, 39, 9, 40, 17], [16, 23, 41, 42, 43, 1, 33], [22, 28, 21, 47, 48], [26, 10, 31, 25, 32], [29, 5, 36, 37, 20, 15, 45], [34, 8, 46], [38, 11, 14, 53]]
5.66s;0.720461%;699;[[1, 23, 43, 41, 42, 22, 28], [2, 21, 47, 48, 30], [3, 44, 50, 18, 24, 49, 16], [4, 27, 13, 54, 19, 35, 7], [6, 33, 51], [12, 39, 9, 40, 17], [15, 20, 37, 36, 5, 29, 45], [26, 10, 31, 25, 32], [34, 52, 8, 46], [38, 11, 14, 53]]
5.18s;0.576369%;698;[[1, 23, 43, 41, 42, 22, 28], [2, 21, 47, 48, 30], [4, 27, 13, 54, 19, 35, 7], [6, 33, 51], [10, 31, 25, 9, 39], [16, 49, 24, 18, 50, 32], [17, 3, 44, 40, 12, 26], [29, 5, 36, 37, 20, 15, 45], [34, 52, 8, 46], [38, 11, 14, 53]]
3.58s;0.864553%;700;[[3, 44, 50, 18, 24, 49, 16], [4, 30, 2, 6], [7, 35, 19, 54, 13, 27, 52], [12, 39, 9, 40, 17], [15, 20, 37, 36, 5, 29, 45], [22, 28, 21, 47, 48], [26, 10, 31, 25, 32], [33, 1, 43, 42, 41, 23, 51], [34, 8, 46], [38, 11, 14, 53]]
4.66s;0.720461%;699;[[1, 43, 41, 42, 22, 28], [2, 21, 47, 48, 30], [3, 44, 50, 18, 25, 32], [4, 27, 13, 54, 19, 35, 7], [6, 33, 23, 24, 49, 16, 51], [12, 40, 17], [26, 10, 31, 9, 39], [29, 5, 36, 37, 20, 15, 45], [34, 52, 8, 46], [38, 11, 14, 53]]

avg_time;avg_ans;best_ans;worst_ans;avg_gap;best_gap;worst_gap
4.09s;698.87;694;705;0.701249%;0.0%;1.58501%
