elapsed;fitness;solution
3.56s;1017;[[1, 30, 37, 2, 36, 50, 43, 45, 28, 4], [5, 3, 33, 6, 20], [7, 12, 16, 32, 15, 19, 23, 42, 48, 22], [11, 24, 41, 17, 9, 47], [25, 21, 34, 52, 13, 14, 39], [27, 35, 8, 46, 51], [31, 38, 18, 40, 26, 10, 49, 29, 44]]
4.65s;1017;[[1, 30, 37, 2, 36, 50, 43, 45, 22, 28, 4], [5, 3, 33, 6, 20], [7, 12, 16, 32, 15, 19, 23, 42, 48], [11, 24, 41, 17, 9, 47], [25, 21, 34, 52, 13, 14, 39], [27, 35, 8, 46, 51], [31, 38, 18, 40, 26, 10, 49, 29, 44]]
4.10s;1017;[[1, 30, 37, 2, 36, 50, 43, 45, 22, 28, 4], [5, 3, 33, 6, 20], [7, 16, 32, 15, 19, 23, 42, 48, 12], [11, 24, 41, 17, 9, 47], [25, 21, 34, 52, 13, 14, 39], [27, 35, 8, 46, 51], [31, 38, 18, 40, 26, 10, 29, 49, 44]]
3.83s;1017;[[1, 30, 37, 2, 36, 50, 43, 45, 22, 28, 4], [5, 3, 33, 6, 20], [7, 16, 32, 15, 19, 23, 42, 48, 12], [11, 24, 41, 17, 9, 47], [25, 21, 34, 52, 13, 14, 39], [27, 35, 8, 46, 51], [31, 38, 18, 40, 26, 10, 49, 29, 44]]
7.16s;1017;[[1, 28, 22, 45, 43, 50, 36, 2, 37, 30], [4, 48, 42, 23, 19, 15, 32, 16, 12, 7], [5, 3, 33, 6, 20], [24, 11, 41, 17, 9, 47], [25, 21, 34, 52, 13, 14, 39], [27, 35, 8, 46, 51], [31, 38, 18, 40, 26, 10, 49, 29, 44]]
6.13s;1017;[[1, 30, 37, 2, 36, 50, 43, 45, 22, 28, 4], [5, 3, 33, 6, 20], [7, 12, 16, 32, 15, 19, 23, 42, 48], [24, 11, 41, 17, 9, 47], [25, 21, 34, 52, 13, 14, 39], [27, 35, 8, 46, 51], [31, 38, 18, 40, 26, 10, 29, 49, 44]]
7.50s;1017;[[1, 30, 37, 2, 36, 50, 43, 45, 22, 28, 4], [5, 3, 33, 6, 20], [7, 16, 32, 15, 19, 23, 42, 48, 12], [24, 11, 41, 17, 9, 47], [25, 21, 34, 52, 13, 14, 39], [27, 35, 8, 46, 51], [31, 38, 18, 40, 26, 10, 49, 29, 44]]
5.67s;1017;[[1, 30, 37, 2, 36, 50, 43, 45, 22, 28, 4], [5, 3, 33, 6, 20], [7, 12, 16, 32, 15, 19, 23, 42, 48], [11, 24, 41, 17, 9, 47], [25, 21, 34, 52, 13, 14, 39], [27, 35, 8, 46, 51], [31, 38, 18, 40, 26, 10, 49, 29, 44]]
3.76s;1017;[[1, 30, 37, 2, 36, 50, 43, 45, 22, 28, 4], [5, 3, 33, 6, 20], [7, 12, 16, 32, 15, 19, 23, 42, 48], [24, 11, 41, 17, 9, 47], [25, 21, 34, 52, 13, 14, 39], [27, 35, 8, 46, 51], [31, 38, 18, 40, 26, 10, 29, 49, 44]]
4.39s;1017;[[1, 28, 22, 45, 43, 50, 36, 2, 37, 30], [4, 48, 42, 23, 19, 15, 32, 16, 12, 7], [5, 3, 33, 6, 20], [11, 24, 41, 17, 9, 47], [25, 21, 34, 52, 13, 14, 39], [27, 35, 8, 46, 51], [31, 38, 18, 40, 26, 10, 29, 49, 44]]
6.42s;1017;[[1, 30, 37, 2, 36, 50, 43, 45, 22, 28], [4, 48, 42, 23, 19, 15, 32, 16, 12, 7], [5, 3, 33, 6, 20], [24, 11, 41, 17, 9, 47], [25, 21, 34, 52, 13, 14, 39], [27, 35, 8, 46, 51], [31, 38, 18, 40, 26, 10, 49, 29, 44]]
4.58s;1017;[[1, 30, 37, 2, 36, 50, 43, 45, 22, 28, 4], [5, 3, 33, 6, 20], [7, 12, 16, 32, 15, 19, 23, 42, 48], [11, 24, 41, 17, 9, 47], [25, 21, 34, 52, 13, 14, 39], [27, 35, 8, 46, 51], [31, 38, 18, 40, 26, 10, 29, 49, 44]]
2.74s;1017;[[1, 30, 37, 2, 36, 50, 43, 45, 22, 28, 4], [5, 3, 33, 6, 20], [7, 16, 32, 15, 19, 23, 42, 48, 12], [24, 11, 41, 17, 9, 47], [25, 21, 34, 52, 13, 14, 39], [27, 35, 8, 46, 51], [31, 38, 18, 40, 26, 10, 49, 29, 44]]
6.92s;1017;[[1, 30, 37, 2, 36, 50, 43, 45, 22, 28, 4], [5, 3, 33, 6, 20], [7, 16, 32, 15, 19, 23, 42, 48, 12], [11, 24, 41, 17, 9, 47], [25, 21, 34, 52, 13, 14, 39], [27, 35, 8, 46, 51], [31, 38, 18, 40, 26, 10, 29, 49, 44]]
2.70s;1017;[[1, 30, 37, 2, 36, 50, 43, 45, 28, 4], [5, 3, 33, 6, 20], [7, 12, 16, 32, 15, 19, 23, 42, 48, 22], [24, 11, 41, 17, 9, 47], [25, 21, 34, 52, 13, 14, 39], [27, 35, 8, 46, 51], [31, 38, 18, 40, 26, 10, 49, 29, 44]]
3.03s;1017;[[1, 30, 37, 2, 36, 50, 43, 45, 22, 28, 4], [5, 3, 33, 6, 20], [7, 12, 16, 32, 15, 19, 23, 42, 48], [11, 24, 41, 17, 9, 47], [25, 21, 34, 52, 13, 14, 39], [27, 35, 8, 46, 51], [31, 38, 18, 40, 26, 10, 49, 29, 44]]
4.52s;1017;[[1, 30, 37, 2, 36, 50, 43, 45, 22, 28, 4], [5, 3, 33, 6, 20], [7, 16, 32, 15, 19, 23, 42, 48, 12], [24, 11, 41, 17, 9, 47], [25, 21, 34, 52, 13, 14, 39], [27, 35, 8, 46, 51], [31, 38, 18, 40, 26, 10, 49, 29, 44]]
4.41s;1017;[[1, 30, 37, 2, 36, 50, 43, 45, 22, 28], [4, 48, 42, 23, 19, 15, 32, 16, 12, 7], [5, 3, 33, 6, 20], [11, 24, 41, 17, 9, 47], [25, 21, 34, 52, 13, 14, 39], [27, 35, 8, 46, 51], [31, 38, 18, 40, 26, 10, 49, 29, 44]]
2.76s;1017;[[1, 28, 22, 45, 43, 50, 36, 2, 37, 30], [4, 48, 42, 23, 19, 15, 32, 16, 12, 7], [5, 3, 33, 6, 20], [11, 24, 41, 17, 9, 47], [25, 21, 34, 52, 13, 14, 39], [27, 35, 8, 46, 51], [31, 38, 18, 40, 26, 10, 49, 29, 44]]
4.48s;1017;[[1, 30, 37, 2, 36, 50, 43, 45, 22, 28, 4], [5, 3, 33, 6, 20], [7, 16, 32, 15, 19, 23, 42, 48, 12], [11, 24, 41, 17, 9, 47], [25, 21, 34, 52, 13, 14, 39], [27, 35, 8, 46, 51], [31, 38, 18, 40, 26, 10, 29, 49, 44]]

avg_time;avg_ans;best;worst
4.66s;1017.00;1017;1017
