elapsed;gap;fitness;solution
1.42s;0.0%;784;[[6, 2, 3, 23, 4, 11, 28, 14], [12, 1, 16, 30], [20, 5, 25, 10, 15, 22, 9, 8, 18, 29], [21, 31, 19, 17, 13, 7, 26], [24, 27]]
0.48s;0.0%;784;[[6, 3, 2, 23, 4, 11, 28, 14], [12, 1, 16, 30], [20, 5, 25, 10, 15, 22, 9, 8, 18, 29], [21, 31, 19, 17, 13, 7, 26], [24, 27]]
0.55s;0.0%;784;[[6, 2, 3, 23, 4, 11, 28, 14], [12, 1, 16, 30], [20, 5, 25, 10, 15, 22, 9, 8, 18, 29], [21, 31, 19, 17, 13, 7, 26], [24, 27]]
0.25s;0.0%;784;[[6, 3, 2, 23, 4, 11, 28, 14], [12, 1, 16, 30], [20, 5, 25, 10, 15, 22, 9, 8, 18, 29], [21, 31, 19, 17, 13, 7, 26], [24, 27]]
0.25s;0.0%;784;[[6, 2, 3, 23, 4, 11, 28, 14], [12, 1, 16, 30], [20, 5, 25, 10, 15, 22, 9, 8, 18, 29], [21, 31, 19, 17, 13, 7, 26], [24, 27]]
0.44s;0.0%;784;[[6, 2, 3, 23, 4, 11, 28, 14], [12, 1, 16, 30], [20, 5, 25, 10, 15, 22, 9, 8, 18, 29], [21, 31, 19, 17, 13, 7, 26], [24, 27]]
0.22s;0.0%;784;[[6, 3, 2, 23, 4, 11, 28, 14], [12, 1, 16, 30], [20, 5, 25, 10, 15, 22, 9, 8, 18, 29], [21, 31, 19, 17, 13, 7, 26], [24, 27]]
0.71s;0.0%;784;[[6, 3, 2, 23, 4, 11, 28, 14], [12, 1, 16, 30], [20, 5, 25, 10, 15, 22, 9, 8, 18, 29], [21, 31, 19, 17, 13, 7, 26], [24, 27]]
0.33s;0.0%;784;[[6, 3, 2, 23, 4, 11, 28, 14], [12, 1, 16, 30], [20, 5, 25, 10, 15, 22, 9, 8, 18, 29], [21, 31, 19, 17, 13, 7, 26], [24, 27]]
0.21s;0.0%;784;[[6, 2, 3, 23, 4, 11, 28, 14], [12, 1, 16, 30], [20, 5, 25, 10, 15, 22, 9, 8, 18, 29], [21, 31, 19, 17, 13, 7, 26], [24, 27]]
0.21s;0.0%;784;[[6, 3, 2, 23, 4, 11, 28, 14], [12, 1, 16, 30], [20, 5, 25, 10, 15, 22, 9, 8, 18, 29], [21, 31, 19, 17, 13, 7, 26], [24, 27]]
0.38s;0.0%;784;[[6, 2, 3, 23, 4, 11, 28, 14], [12, 1, 16, 30], [20, 5, 25, 10, 15, 22, 9, 8, 18, 29], [21, 31, 19, 17, 13, 7, 26], [24, 27]]
0.21s;0.0%;784;[[6, 3, 2, 23, 4, 11, 28, 14], [12, 1, 16, 30], [20, 5, 25, 10, 15, 22, 9, 8, 18, 29], [21, 31, 19, 17, 13, 7, 26], [24, 27]]
0.22s;0.0%;784;[[6, 2, 3, 23, 4, 11, 28, 14], [12, 1, 16, 30], [20, 5, 25, 10, 15, 22, 9, 8, 18, 29], [21, 31, 19, 17, 13, 7, 26], [24, 27]]
0.49s;0.0%;784;[[6, 3, 2, 23, 4, 11, 28, 14], [12, 1, 16, 30], [20, 5, 25, 10, 15, 22, 9, 8, 18, 29], [21, 31, 19, 17, 13, 7, 26], [24, 27]]
0.41s;0.0%;784;[[6, 3, 2, 23, 4, 11, 28, 14], [12, 1, 16, 30], [20, 5, 25, 10, 15, 22, 9, 8, 18, 29], [21, 31, 19, 17, 13, 7, 26], [24, 27]]
0.23s;0.0%;784;[[6, 2, 3, 23, 4, 11, 28, 14], [12, 1, 16, 30], [20, 5, 25, 10, 15, 22, 9, 8, 18, 29], [21, 31, 19, 17, 13, 7, 26], [24, 27]]
0.21s;0.0%;784;[[6, 3, 2, 23, 4, 11, 28, 14], [12, 1, 16, 30], [20, 5, 25, 10, 15, 22, 9, 8, 18, 29], [21, 31, 19, 17, 13, 7, 26], [24, 27]]
0.30s;0.0%;784;[[6, 2, 3, 23, 4, 11, 28, 14], [12, 1, 16, 30], [20, 5, 25, 10, 15, 22, 9, 8, 18, 29], [21, 31, 19, 17, 13, 7, 26], [24, 27]]
0.30s;0.0%;784;[[6, 2, 3, 23, 4, 11, 28, 14], [12, 1, 16, 30], [20, 5, 25, 10, 15, 22, 9, 8, 18, 29], [21, 31, 19, 17, 13, 7, 26], [24, 27]]
0.21s;0.0%;784;[[6, 2, 3, 23, 4, 11, 28, 14], [12, 1, 16, 30], [20, 5, 25, 10, 15, 22, 9, 8, 18, 29], [21, 31, 19, 17, 13, 7, 26], [24, 27]]
0.22s;0.0%;784;[[6, 3, 2, 23, 4, 11, 28, 14], [12, 1, 16, 30], [20, 5, 25, 10, 15, 22, 9, 8, 18, 29], [21, 31, 19, 17, 13, 7, 26], [24, 27]]
0.22s;0.0%;784;[[6, 3, 2, 23, 4, 11, 28, 14], [12, 1, 16, 30], [20, 5, 25, 10, 15, 22, 9, 8, 18, 29], [21, 31, 19, 17, 13, 7, 26], [24, 27]]
0.21s;0.0%;784;[[6, 3, 2, 23, 4, 11, 28, 14], [12, 1, 16, 30], [20, 5, 25, 10, 15, 22, 9, 8, 18, 29], [21, 31, 19, 17, 13, 7, 26], [24, 27]]
0.33s;0.0%;784;[[6, 2, 3, 23, 4, 11, 28, 14], [12, 1, 16, 30], [20, 5, 25, 10, 15, 22, 9, 8, 18, 29], [21, 31, 19, 17, 13, 7, 26], [24, 27]]
0.48s;0.0%;784;[[6, 3, 2, 23, 4, 11, 28, 14], [12, 1, 16, 30], [20, 5, 25, 10, 15, 22, 9, 8, 18, 29], [21, 31, 19, 17, 13, 7, 26], [24, 27]]
0.20s;0.0%;784;[[6, 3, 2, 23, 4, 11, 28, 14], [12, 1, 16, 30], [20, 5, 25, 10, 15, 22, 9, 8, 18, 29], [21, 31, 19, 17, 13, 7, 26], [24, 27]]
0.20s;0.0%;784;[[6, 2, 3, 23, 4, 11, 28, 14], [12, 1, 16, 30], [20, 5, 25, 10, 15, 22, 9, 8, 18, 29], [21, 31, 19, 17, 13, 7, 26], [24, 27]]
0.61s;0.0%;784;[[6, 3, 2, 23, 4, 11, 28, 14], [12, 1, 16, 30], [20, 5, 25, 10, 15, 22, 9, 8, 18, 29], [21, 31, 19, 17, 13, 7, 26], [24, 27]]
0.24s;0.0%;784;[[6, 2, 3, 23, 4, 11, 28, 14], [12, 1, 16, 30], [20, 5, 25, 10, 15, 22, 9, 8, 18, 29], [21, 31, 19, 17, 13, 7, 26], [24, 27]]

avg_time;avg_ans;best_ans;worst_ans;avg_gap;best_gap;worst_gap
0.36s;784.00;784;784;0.0%;0.0%;0.0%
