elapsed;gap;fitness;solution
3.12s;-1.87075%;577;[[2, 28, 21, 47, 36, 37, 20, 15], [4, 45, 29, 5, 48, 30], [6, 33, 1, 22, 42, 41, 43, 23, 16], [7, 35, 53, 14, 11, 38, 26], [12, 10, 31, 25, 50, 18, 24, 49, 51], [17, 3, 44, 32, 9, 39, 40], [34, 52, 27, 13, 54, 19, 8, 46]]
1.42s;-1.87075%;577;[[2, 28, 21, 47, 36, 37, 20, 15], [4, 45, 29, 5, 48, 30], [6, 33, 1, 22, 42, 41, 43, 23, 16, 51], [7, 35, 53, 14, 11, 38, 26], [10, 31, 25, 50, 18, 24, 49, 3, 44], [12, 39, 9, 32, 40, 17], [34, 52, 27, 13, 54, 19, 8, 46]]
1.21s;-1.87075%;577;[[2, 28, 21, 47, 36, 37, 20, 15], [4, 45, 29, 5, 48, 30], [6, 33, 1, 22, 42, 41, 43, 23, 16, 51], [7, 35, 53, 14, 11, 38, 26], [10, 31, 25, 50, 18, 24, 49, 3, 44], [12, 39, 9, 32, 40, 17], [34, 52, 27, 13, 54, 19, 8, 46]]
1.50s;-1.87075%;577;[[2, 28, 21, 47, 36, 37, 20, 15], [4, 45, 29, 5, 48, 30], [6, 33, 1, 22, 42, 41, 43, 23, 16], [7, 35, 53, 14, 11, 38, 26], [12, 10, 31, 25, 50, 18, 24, 49, 51], [17, 3, 44, 32, 9, 39, 40], [34, 52, 27, 13, 54, 19, 8, 46]]
1.08s;-1.53061%;579;[[2, 28, 21, 36, 47, 48, 30], [4, 45, 29, 5, 37, 20, 15, 27], [6, 33, 1, 22, 42, 41, 43, 23, 16], [7, 53, 14, 11, 38, 26], [12, 10, 31, 25, 50, 18, 24, 49, 51], [17, 3, 44, 32, 9, 39, 40], [34, 52, 13, 54, 19, 35, 8, 46]]
1.69s;-1.87075%;577;[[2, 28, 21, 47, 36, 37, 20, 15], [4, 45, 29, 5, 48, 30], [6, 33, 1, 22, 42, 41, 43, 23, 16], [7, 35, 14, 53, 11, 38, 26], [12, 10, 31, 25, 50, 18, 24, 49, 51], [17, 3, 44, 32, 9, 39, 40], [34, 52, 27, 13, 54, 19, 8, 46]]
1.10s;-1.87075%;577;[[2, 28, 21, 47, 36, 37, 20, 15], [4, 45, 29, 5, 48, 30], [6, 33, 1, 22, 42, 41, 43, 23, 16, 51], [7, 35, 14, 53, 11, 38, 26], [10, 31, 25, 50, 18, 24, 49, 3, 44], [12, 39, 9, 32, 40, 17], [34, 52, 27, 13, 54, 19, 8, 46]]
1.02s;-1.87075%;577;[[2, 28, 21, 47, 36, 37, 20, 15], [4, 45, 29, 5, 48, 30], [6, 33, 1, 22, 42, 41, 43, 23, 16, 51], [7, 35, 14, 53, 11, 38, 26], [10, 31, 25, 50, 18, 24, 49, 3, 44], [12, 39, 9, 32, 40, 17], [34, 52, 27, 13, 54, 19, 8, 46]]
1.32s;-1.53061%;579;[[2, 28, 21, 36, 47, 48, 30], [4, 15, 20, 37, 5, 29, 45], [6, 33, 1, 22, 42, 41, 43, 23, 16, 51], [7, 35, 53, 14, 11, 38, 26], [10, 31, 25, 50, 18, 24, 49, 3, 44], [12, 39, 9, 32, 40, 17], [34, 52, 27, 13, 54, 19, 8, 46]]
1.03s;-1.87075%;577;[[2, 28, 21, 47, 36, 37, 20, 15], [4, 45, 29, 5, 48, 30], [6, 33, 1, 22, 42, 41, 43, 23, 16], [7, 35, 14, 53, 11, 38, 26], [12, 10, 31, 25, 50, 18, 24, 49, 51], [17, 3, 44, 32, 9, 39, 40], [34, 52, 27, 13, 54, 19, 8, 46]]
1.10s;-1.36054%;580;[[2, 28, 21, 47, 36, 37, 20, 15], [3, 49, 24, 18, 50, 25, 31, 10, 12], [4, 45, 29, 5, 48, 30], [6, 33, 1, 22, 42, 41, 43, 23, 16, 51], [7, 53, 14, 11, 38, 26], [17, 44, 32, 9, 39, 40], [34, 52, 27, 13, 54, 19, 35, 8, 46]]
2.22s;-1.87075%;577;[[2, 28, 21, 47, 36, 37, 20, 15], [4, 45, 29, 5, 48, 30], [6, 33, 1, 22, 42, 41, 43, 23, 16], [7, 35, 53, 14, 11, 38, 26], [12, 10, 31, 25, 50, 18, 24, 49, 51], [17, 3, 44, 32, 9, 39, 40], [34, 52, 27, 13, 54, 19, 8, 46]]
0.99s;-1.87075%;577;[[2, 28, 21, 47, 36, 37, 20, 15], [4, 45, 29, 5, 48, 30], [6, 33, 1, 22, 42, 41, 43, 23, 16], [7, 35, 53, 14, 11, 38, 26], [12, 10, 31, 25, 50, 18, 24, 49, 51], [17, 3, 44, 32, 9, 39, 40], [34, 52, 27, 13, 54, 19, 8, 46]]
1.61s;-1.87075%;577;[[2, 28, 21, 47, 36, 37, 20, 15], [4, 45, 29, 5, 48, 30], [6, 33, 1, 22, 42, 41, 43, 23, 16, 51], [7, 35, 53, 14, 11, 38, 26], [10, 31, 25, 50, 18, 24, 49, 3, 44], [12, 39, 9, 32, 40, 17], [34, 52, 27, 13, 54, 19, 8, 46]]
1.07s;-1.36054%;580;[[2, 28, 21, 36, 47, 48, 30], [4, 27, 52, 34, 46], [6, 33, 1, 22, 42, 41, 43, 23, 16, 51], [7, 35, 14, 53, 11, 38, 26], [8, 19, 54, 13, 15, 20, 37, 5, 29, 45], [12, 10, 31, 39, 9, 40], [17, 3, 44, 32, 25, 50, 18, 24, 49]]
1.03s;-1.53061%;579;[[2, 28, 21, 36, 47, 48, 30], [4, 45, 29, 5, 37, 20, 15], [6, 33, 1, 22, 42, 41, 43, 23, 16], [7, 35, 53, 14, 11, 38, 26], [12, 10, 31, 25, 50, 18, 24, 49, 51], [17, 3, 44, 32, 9, 39, 40], [34, 52, 27, 13, 54, 19, 8, 46]]
1.04s;-1.70068%;578;[[2, 28, 21, 47, 36, 37, 20, 15], [4, 45, 29, 5, 48, 30], [6, 33, 1, 22, 42, 41, 43, 23, 16], [7, 53, 14, 11, 38, 26], [12, 10, 31, 25, 50, 18, 24, 49, 51], [17, 3, 44, 32, 9, 39, 40], [34, 52, 27, 13, 54, 19, 35, 8, 46]]
1.39s;-1.70068%;578;[[2, 28, 21, 47, 36, 37, 20, 15], [4, 45, 29, 5, 48, 30], [6, 33, 1, 22, 42, 41, 43, 23, 16, 51], [7, 53, 14, 11, 38, 26], [10, 31, 25, 50, 18, 24, 49, 3, 44], [12, 39, 9, 32, 40, 17], [34, 52, 27, 13, 54, 19, 35, 8, 46]]
1.20s;-2.04082%;576;[[2, 28, 21, 36, 47, 48, 30], [4, 27, 52, 46, 34], [6, 33, 1, 22, 42, 41, 43, 23, 16], [7, 35, 53, 14, 11, 38, 26], [8, 19, 54, 13, 15, 20, 37, 5, 29, 45], [12, 10, 31, 25, 50, 18, 24, 49, 51], [17, 3, 44, 32, 9, 39, 40]]
0.95s;-1.87075%;577;[[2, 28, 21, 47, 36, 37, 20, 15], [4, 45, 29, 5, 48, 30], [6, 33, 1, 22, 42, 41, 43, 23, 16], [7, 35, 14, 53, 11, 38, 26], [12, 10, 31, 25, 50, 18, 24, 49, 51], [17, 3, 44, 32, 9, 39, 40], [34, 52, 27, 13, 54, 19, 8, 46]]
1.38s;-1.87075%;577;[[2, 28, 21, 47, 36, 37, 20, 15], [4, 45, 29, 5, 48, 30], [6, 33, 1, 22, 42, 41, 43, 23, 16, 51], [7, 35, 14, 53, 11, 38, 26], [10, 31, 25, 50, 18, 24, 49, 3, 44], [12, 39, 9, 32, 40, 17], [34, 52, 27, 13, 54, 19, 8, 46]]
1.02s;-1.70068%;578;[[2, 28, 21, 47, 36, 37, 20, 15], [4, 45, 29, 5, 48, 30], [6, 33, 1, 22, 42, 41, 43, 23, 16], [7, 53, 14, 11, 38, 26], [12, 10, 31, 25, 50, 18, 24, 49, 51], [17, 3, 44, 32, 9, 39, 40], [34, 52, 27, 13, 54, 19, 35, 8, 46]]
1.64s;-1.87075%;577;[[2, 28, 21, 47, 36, 37, 20, 15], [4, 45, 29, 5, 48, 30], [6, 33, 1, 22, 42, 41, 43, 23, 16], [7, 35, 14, 53, 11, 38, 26], [12, 10, 31, 25, 50, 18, 24, 49, 51], [17, 3, 44, 32, 9, 39, 40], [34, 52, 27, 13, 54, 19, 8, 46]]
1.12s;-2.04082%;576;[[2, 28, 21, 36, 47, 48, 30], [4, 27, 52, 34, 46], [6, 33, 1, 22, 42, 41, 43, 23, 16], [7, 35, 14, 53, 11, 38, 26], [8, 19, 54, 13, 15, 20, 37, 5, 29, 45], [12, 10, 31, 25, 50, 18, 24, 49, 51], [17, 3, 44, 32, 9, 39, 40]]
1.29s;-1.87075%;577;[[2, 28, 21, 36, 47, 48, 30], [3, 49, 24, 18, 50, 25, 31, 10], [4, 27, 52, 34, 46], [6, 33, 1, 22, 42, 41, 43, 23, 16, 51], [7, 35, 14, 53, 11, 38, 26], [8, 19, 54, 13, 15, 20, 37, 5, 29, 45], [12, 39, 9, 32, 44, 40, 17]]
2.27s;-1.87075%;577;[[2, 28, 21, 36, 47, 48, 30], [4, 27, 52, 34, 46], [6, 33, 1, 22, 42, 41, 43, 23, 16], [7, 35, 53, 14, 11, 38, 26], [8, 19, 54, 13, 15, 20, 37, 5, 29, 45], [10, 31, 25, 50, 18, 24, 49, 3, 51], [12, 39, 9, 32, 44, 40, 17]]
1.06s;-1.87075%;577;[[2, 28, 21, 47, 36, 37, 20, 15], [4, 45, 29, 5, 48, 30], [6, 33, 1, 22, 42, 41, 43, 23, 16], [7, 35, 14, 53, 11, 38, 26], [12, 10, 31, 25, 50, 18, 24, 49, 51], [17, 3, 44, 32, 9, 39, 40], [34, 52, 27, 13, 54, 19, 8, 46]]
1.98s;-1.87075%;577;[[2, 28, 21, 47, 36, 37, 20, 15], [4, 45, 29, 5, 48, 30], [6, 33, 1, 22, 42, 41, 43, 23, 16, 51], [7, 35, 53, 14, 11, 38, 26], [10, 31, 25, 50, 18, 24, 49, 3, 44], [12, 39, 9, 32, 40, 17], [34, 52, 27, 13, 54, 19, 8, 46]]
1.17s;-1.53061%;579;[[2, 28, 21, 36, 47, 48, 30], [4, 45, 29, 5, 37, 20, 15], [6, 33, 1, 22, 42, 41, 43, 23, 16], [7, 35, 14, 53, 11, 38, 26], [12, 10, 31, 25, 50, 18, 24, 49, 51], [17, 3, 44, 32, 9, 39, 40], [34, 52, 27, 13, 54, 19, 8, 46]]
1.02s;-1.87075%;577;[[2, 28, 21, 47, 36, 37, 20, 15], [4, 45, 29, 5, 48, 30], [6, 33, 1, 22, 42, 41, 43, 23, 16], [7, 35, 53, 14, 11, 38, 26], [12, 10, 31, 25, 50, 18, 24, 49, 51], [17, 3, 44, 32, 9, 39, 40], [34, 52, 27, 13, 54, 19, 8, 46]]

NEW OPTIMUM: 576avg_time;avg_ans;best_ans;worst_ans;avg_gap;best_gap;worst_gap
1.37s;577.50;576;580;-1.78571%;-2.04082%;-1.36054%
