elapsed;fitness;solution
6.29s;953;[[3, 10, 8, 41, 33, 21, 5, 20, 32], [6, 44, 1, 35, 31, 14], [9, 22, 16, 4, 42, 36, 39, 12], [11, 40, 30, 19, 34, 37, 24], [23], [26, 29, 43, 17, 18, 27], [28, 7, 13, 15, 25, 2, 38]]
5.62s;953;[[3, 10, 8, 41, 33, 21, 5, 20, 32], [6, 44, 1, 35, 31, 14], [9, 22, 16, 4, 42, 36, 39, 12], [11, 40, 30, 19, 34, 37, 24], [23], [26, 29, 43, 17, 18, 27], [28, 7, 13, 15, 25, 2, 38]]
5.47s;953;[[3, 10, 8, 41, 33, 21, 5, 20, 32], [6, 44, 1, 35, 31, 14], [9, 22, 16, 4, 42, 36, 39, 12], [11, 40, 30, 19, 34, 37, 24], [23], [26, 29, 43, 18, 17, 27], [28, 7, 13, 15, 25, 2, 38]]
5.46s;953;[[3, 10, 8, 41, 33, 21, 5, 20, 32], [6, 44, 1, 35, 31, 14], [9, 22, 16, 4, 42, 36, 39, 12], [11, 40, 30, 19, 34, 37, 24], [23], [26, 29, 43, 18, 17, 27], [28, 7, 13, 15, 25, 2, 38]]
5.41s;953;[[3, 10, 8, 41, 33, 21, 5, 20, 32], [6, 44, 1, 35, 31, 14], [9, 22, 16, 4, 42, 36, 39, 12], [11, 40, 30, 19, 34, 37, 24], [23], [26, 29, 43, 18, 17, 27], [28, 7, 13, 15, 25, 2, 38]]
5.38s;953;[[3, 10, 8, 41, 33, 21, 5, 20, 32], [6, 44, 1, 35, 31, 14], [9, 22, 16, 4, 42, 36, 39, 12], [11, 40, 30, 19, 34, 37, 24], [23], [26, 29, 43, 18, 17, 27], [28, 7, 13, 15, 25, 2, 38]]
5.43s;954;[[3, 10, 8, 41, 33, 21, 5, 20, 7], [6, 44, 1, 35, 31, 14], [9, 22, 16, 4, 42, 36, 39, 12], [11, 40, 30, 19, 34, 37, 24], [23], [26, 29, 43, 18, 17, 27], [28, 32, 13, 15, 25, 2, 38]]
5.38s;948;[[1, 44, 6, 24, 37, 26], [3, 10, 8, 41, 33, 21, 5, 20, 32], [9, 22, 16, 4, 42, 36, 39, 12], [13, 17, 18, 43, 29], [14, 35, 31, 38, 2, 25, 15], [23, 28, 7, 11, 40, 30, 19, 34, 27]]
5.35s;959;[[2, 25, 12, 39, 36, 42, 4, 16, 9, 23], [3, 10, 8, 41, 33, 21, 5, 20], [6, 44, 1, 35, 31, 14], [11, 40, 30, 19, 34, 37, 24], [15, 22, 13, 32, 7, 28], [26, 29, 43, 18, 17, 27], [38]]
5.36s;953;[[3, 10, 8, 41, 33, 21, 5, 20, 32], [6, 44, 1, 35, 31, 14], [9, 22, 16, 4, 42, 36, 39, 12], [11, 40, 30, 19, 34, 37, 24], [23], [26, 29, 43, 18, 17, 27], [28, 7, 13, 15, 25, 2, 38]]
5.37s;953;[[3, 10, 8, 41, 33, 21, 5, 20, 32], [6, 44, 1, 35, 31, 14], [9, 22, 16, 4, 42, 36, 39, 12], [11, 40, 30, 19, 34, 37, 24], [23], [26, 29, 43, 17, 18, 27], [28, 7, 13, 15, 25, 2, 38]]
5.34s;953;[[3, 10, 8, 41, 33, 21, 5, 20, 32], [6, 44, 1, 35, 31, 14], [9, 22, 16, 4, 42, 36, 39, 12], [11, 40, 30, 19, 34, 37, 24], [23], [26, 29, 43, 18, 17, 27], [28, 7, 13, 15, 25, 2, 38]]
5.32s;944;[[1, 6, 24, 37, 27, 26], [3, 10, 8, 41, 33, 21, 5, 20, 32], [9, 22, 16, 4, 42, 36, 39, 12], [14, 35, 31, 38, 2, 25, 15], [18, 17, 11, 40, 30, 19, 34, 44], [23, 28, 7, 13, 43, 29]]
5.36s;959;[[2, 25, 12, 39, 36, 42, 4, 16, 9, 23], [3, 10, 8, 41, 33, 21, 5, 20], [6, 44, 1, 35, 31, 14], [11, 40, 30, 19, 34, 37, 24], [15, 22, 13, 32, 7, 28], [26, 29, 43, 18, 17, 27], [38]]
5.34s;952;[[1, 44, 6, 24, 34, 27, 26], [3, 10, 8, 41, 33, 21, 5, 20, 32], [9, 22, 16, 4, 42, 36, 39, 12], [14, 35, 31, 38, 2, 25, 15], [18, 17, 40, 30, 19, 11, 37], [23, 28, 7, 13, 43, 29]]
5.33s;959;[[2, 25, 12, 39, 36, 42, 4, 16, 9, 23], [3, 10, 8, 41, 33, 21, 5, 20], [6, 44, 1, 35, 31, 14], [11, 40, 30, 19, 34, 37, 24], [15, 22, 13, 32, 7, 28], [26, 29, 43, 18, 17, 27], [38]]
5.37s;953;[[3, 10, 8, 41, 33, 21, 5, 20, 32], [6, 44, 1, 35, 31, 14], [9, 22, 16, 4, 42, 36, 39, 12], [11, 40, 30, 19, 34, 37, 24], [23], [26, 29, 43, 18, 17, 27], [28, 7, 13, 15, 25, 2, 38]]
5.41s;945;[[1, 6, 24, 37, 27, 26], [7, 3, 10, 8, 41, 33, 21, 5, 20], [9, 22, 16, 4, 42, 36, 39, 12], [14, 35, 31, 38, 2, 25, 15], [18, 17, 11, 40, 30, 19, 34, 44], [23, 28, 32, 13, 43, 29]]
5.37s;954;[[1, 44, 6, 24, 37, 23], [3, 10, 8, 41, 33, 21, 5, 20, 32], [9, 22, 16, 4, 42, 36, 39, 12], [13, 17, 18, 43, 29], [14, 35, 31, 38, 2, 25, 15], [26, 27, 34, 19, 30, 40, 11, 7, 28]]
5.34s;953;[[3, 10, 8, 41, 33, 21, 5, 20, 32], [6, 44, 1, 35, 31, 14], [9, 22, 16, 4, 42, 36, 39, 12], [11, 40, 30, 19, 34, 37, 24], [23], [26, 29, 43, 18, 17, 27], [28, 7, 13, 15, 25, 2, 38]]

avg_time;avg_ans;best;worst
5.44s;952.85;944;959
