elapsed;fitness;solution
17.33s;1180;[[5, 45, 16, 50, 60, 30, 37], [7, 11, 63, 54, 48, 57, 23, 28], [15, 27, 14, 3, 36, 35, 4, 49], [17, 31, 26, 6, 64, 46, 39], [21, 44, 56, 59, 53], [29, 18, 19, 24, 52, 8, 10, 40], [32, 20, 58, 61, 42, 38, 2, 41], [43, 22, 9, 34, 47, 51], [55, 25, 13, 12, 1, 33, 62]]
16.57s;1180;[[5, 45, 16, 50, 60, 30, 37], [7, 11, 63, 54, 48, 57, 23, 28], [15, 27, 14, 3, 36, 35, 4, 49], [17, 31, 26, 6, 64, 46, 39], [21, 44, 56, 59, 53], [29, 18, 19, 24, 52, 8, 10, 40], [32, 20, 58, 61, 42, 38, 2, 41], [43, 22, 9, 34, 47, 51], [55, 25, 13, 12, 1, 33, 62]]
16.63s;1181;[[4, 35, 36, 3, 14, 27, 43], [5, 45, 16, 50, 60, 30, 37], [7, 11, 63, 54, 48, 57, 23, 28], [17, 31, 26, 6, 64, 46, 39], [18, 19, 24, 52, 8, 10, 40, 59], [21, 25, 56, 44, 53], [32, 20, 58, 61, 42, 38, 2, 41], [49, 15, 22, 9, 34, 47, 51], [55, 29, 13, 12, 1, 33, 62]]
16.33s;1184;[[5, 32, 20, 58, 40, 53], [15, 22, 9, 14, 27, 43], [17, 51, 39, 7, 63, 11, 54, 48, 57], [18, 19, 24, 52, 10, 8, 21, 55], [29, 25, 44, 59, 56], [30, 37, 35, 36, 3, 4, 49], [33, 13, 12, 1, 23, 28, 62], [45, 61, 42, 38, 2, 41, 16, 50, 60], [46, 64, 6, 26, 31, 34, 47]]
16.64s;1177;[[5, 45, 16, 50, 60, 30, 37], [7, 11, 63, 54, 48, 57, 23, 28], [15, 27, 14, 3, 36, 35, 4, 49], [17, 31, 26, 6, 64, 46, 39], [18, 19, 24, 52, 8, 10, 40, 59], [21, 25, 56, 44, 53], [32, 20, 58, 61, 42, 38, 2, 41], [43, 22, 9, 34, 47, 51], [55, 29, 13, 12, 1, 33, 62]]
16.33s;1184;[[5, 32, 20, 58, 40, 53], [7, 63, 11, 57, 48, 54, 39, 51, 17], [15, 22, 9, 14, 27, 43], [18, 19, 24, 52, 8, 10, 21, 55], [29, 25, 59, 56, 44], [30, 37, 35, 36, 3, 4, 49], [33, 13, 12, 1, 23, 28, 62], [45, 61, 42, 38, 2, 41, 16, 50, 60], [46, 64, 6, 26, 31, 34, 47]]
16.46s;1177;[[5, 45, 16, 50, 60, 30, 37], [7, 63, 11, 54, 48, 57, 23, 28], [15, 27, 14, 3, 36, 35, 4, 49], [17, 31, 26, 6, 64, 46, 39], [18, 19, 24, 52, 8, 10, 40, 59], [21, 25, 44, 56, 53], [32, 20, 58, 61, 42, 38, 2, 41], [43, 22, 9, 34, 47, 51], [55, 29, 13, 12, 1, 33, 62]]
16.40s;1184;[[5, 32, 20, 58, 40, 53], [15, 22, 9, 14, 27, 43], [17, 51, 39, 7, 11, 63, 54, 48, 57], [18, 19, 24, 52, 10, 8, 21, 55], [29, 25, 56, 59, 44], [30, 37, 35, 36, 3, 4, 49], [33, 13, 12, 1, 23, 28, 62], [45, 61, 42, 38, 2, 41, 16, 50, 60], [46, 64, 6, 26, 31, 34, 47]]
16.45s;1184;[[5, 32, 20, 58, 40, 53], [15, 22, 9, 14, 27, 43], [17, 51, 39, 7, 63, 11, 54, 48, 57], [18, 19, 24, 52, 10, 8, 21, 55], [29, 25, 56, 44, 59], [30, 37, 35, 36, 3, 4, 49], [33, 13, 12, 1, 23, 28, 62], [45, 61, 42, 38, 2, 41, 16, 50, 60], [46, 64, 6, 26, 31, 34, 47]]
16.39s;1184;[[5, 32, 20, 58, 40, 53], [15, 22, 9, 14, 27, 43], [17, 51, 39, 7, 11, 63, 54, 48, 57], [18, 19, 24, 52, 10, 8, 21, 55], [29, 25, 59, 56, 44], [30, 37, 35, 36, 3, 4, 49], [33, 13, 12, 1, 23, 28, 62], [45, 61, 42, 38, 2, 41, 16, 50, 60], [46, 64, 6, 26, 31, 34, 47]]
16.48s;1184;[[5, 32, 20, 58, 40, 53], [15, 22, 9, 14, 27, 43], [17, 51, 39, 7, 63, 11, 54, 48, 57], [18, 19, 24, 52, 8, 10, 21, 55], [29, 25, 56, 59, 44], [30, 37, 35, 36, 3, 4, 49], [33, 13, 12, 1, 23, 28, 62], [45, 61, 42, 38, 2, 41, 16, 50, 60], [46, 64, 6, 26, 31, 34, 47]]
16.44s;1184;[[5, 32, 20, 58, 40, 53], [7, 63, 11, 57, 48, 54, 39, 51, 17], [15, 22, 9, 14, 27, 43], [18, 19, 24, 52, 10, 8, 21, 55], [29, 25, 44, 59, 56], [30, 37, 35, 36, 3, 4, 49], [33, 13, 12, 1, 23, 28, 62], [45, 61, 42, 38, 2, 41, 16, 50, 60], [46, 64, 6, 26, 31, 34, 47]]
16.52s;1177;[[5, 45, 16, 50, 60, 30, 37], [7, 63, 11, 54, 48, 57, 23, 28], [15, 27, 14, 3, 36, 35, 4, 49], [17, 31, 26, 6, 64, 46, 39], [18, 19, 24, 52, 8, 10, 40, 59], [21, 25, 56, 44, 53], [32, 20, 58, 61, 42, 38, 2, 41], [43, 22, 9, 34, 47, 51], [55, 29, 13, 12, 1, 33, 62]]
16.48s;1184;[[15, 22, 9, 14, 27, 43], [17, 5, 53, 25, 55], [19, 24, 52, 8, 10, 44, 21], [23, 57, 48, 54, 11, 63, 7, 39, 51], [29, 18, 13, 12, 1, 33, 28, 62], [30, 37, 35, 36, 3, 4, 49], [32, 20, 58, 40, 59, 56], [45, 61, 42, 38, 2, 41, 16, 50, 60], [46, 64, 6, 26, 31, 34, 47]]
16.35s;1184;[[5, 32, 20, 58, 40, 53], [7, 63, 11, 57, 48, 54, 39, 51, 17], [15, 22, 9, 14, 27, 43], [18, 19, 24, 52, 10, 8, 21, 55], [29, 25, 44, 59, 56], [30, 37, 35, 36, 3, 4, 49], [33, 13, 12, 1, 23, 28, 62], [45, 61, 42, 38, 2, 41, 16, 50, 60], [46, 64, 6, 26, 31, 34, 47]]
16.48s;1184;[[5, 32, 20, 58, 40, 53], [7, 11, 63, 57, 48, 54, 39, 51, 17], [15, 22, 9, 14, 27, 43], [18, 19, 24, 52, 8, 10, 21, 55], [29, 25, 44, 56, 59], [30, 37, 35, 36, 3, 4, 49], [33, 13, 12, 1, 23, 28, 62], [45, 61, 42, 38, 2, 41, 16, 50, 60], [46, 64, 6, 26, 31, 34, 47]]
16.42s;1180;[[5, 45, 16, 50, 60, 30, 37], [7, 11, 63, 54, 48, 57, 23, 28], [15, 27, 14, 3, 36, 35, 4, 49], [17, 31, 26, 6, 64, 46, 39], [21, 44, 56, 59, 53], [29, 18, 19, 24, 52, 8, 10, 40], [32, 20, 58, 61, 42, 38, 2, 41], [43, 22, 9, 34, 47, 51], [55, 25, 13, 12, 1, 33, 62]]
16.53s;1180;[[5, 45, 16, 50, 60, 30, 37], [7, 11, 63, 54, 48, 57, 23, 28], [15, 27, 14, 3, 36, 35, 4, 49], [17, 31, 26, 6, 64, 46, 39], [21, 44, 56, 59, 53], [29, 18, 19, 24, 52, 8, 10, 40], [32, 20, 58, 61, 42, 38, 2, 41], [43, 22, 9, 34, 47, 51], [55, 25, 13, 12, 1, 33, 62]]
16.47s;1178;[[5, 53, 25, 21, 55, 29], [15, 22, 9, 14, 27, 43], [17, 51, 39, 7, 63, 11, 54, 48, 57], [18, 19, 24, 52, 8, 10, 44], [30, 37, 35, 36, 3, 4, 49], [32, 20, 58, 40, 59, 56], [33, 13, 12, 1, 23, 28, 62], [45, 61, 42, 38, 2, 41, 16, 50, 60], [46, 64, 6, 26, 31, 34, 47]]
16.59s;1179;[[5, 45, 2, 38, 42, 61, 58, 20, 32], [7, 11, 63, 54, 48, 57, 23, 28], [15, 27, 14, 3, 36, 35, 4, 49], [17, 31, 26, 6, 64, 46, 39], [18, 19, 24, 52, 8, 10, 40, 59], [21, 25, 56, 44, 53], [30, 37, 50, 16, 41, 60], [43, 22, 9, 34, 47, 51], [55, 29, 13, 12, 1, 33, 62]]

avg_time;avg_ans;best;worst
16.52s;1181.45;1177;1184
