elapsed;fitness;solution
17.84s;689;[[4, 45, 29, 5, 37, 20, 70, 60, 71, 69, 36, 47, 48], [6, 33, 73, 1, 22, 64, 42, 43, 41, 56, 23, 63], [7, 35, 53, 14, 59, 11, 66, 65, 38], [12, 72, 39, 9, 32, 44, 3, 40, 17], [26, 58, 10, 31, 55, 25, 50, 18, 24, 49, 16, 51], [30, 74, 21, 61, 28, 62, 2, 68, 75], [46, 8, 19, 54, 13, 57, 15, 27, 52, 34, 67]]
17.26s;689;[[4, 45, 29, 5, 36, 69, 71, 60, 70, 20, 37, 15, 57, 27], [6, 33, 1, 73, 62, 22, 64, 42, 43, 41, 56, 23, 63], [7, 53, 14, 59, 11, 66, 65, 38, 26], [12, 72, 58, 10, 31, 55, 25, 50, 18, 24, 49, 16, 51], [17, 3, 44, 32, 9, 39, 40], [30, 48, 47, 21, 61, 28, 74, 2, 68, 75], [46, 8, 35, 19, 54, 13, 52, 34, 67]]
17.15s;689;[[4, 48, 47, 36, 69, 71, 60, 70, 20, 37, 5, 29, 45], [6, 33, 73, 1, 22, 64, 42, 43, 41, 56, 23, 63], [7, 35, 53, 14, 59, 11, 66, 65, 38], [12, 72, 39, 9, 32, 44, 3, 40, 17], [26, 58, 10, 31, 55, 25, 50, 18, 24, 49, 16, 51], [30, 74, 21, 61, 28, 62, 2, 68, 75], [46, 8, 19, 54, 13, 57, 15, 27, 52, 34, 67]]
17.01s;689;[[4, 45, 29, 5, 37, 20, 70, 60, 71, 69, 36, 47, 48], [6, 73, 1, 22, 64, 42, 43, 41, 56, 23, 63, 33], [7, 35, 53, 14, 59, 66, 11, 65, 38], [12, 72, 39, 9, 32, 44, 3, 40, 17], [26, 58, 10, 31, 55, 25, 50, 18, 24, 49, 16, 51], [30, 74, 21, 61, 28, 62, 2, 68, 75], [46, 8, 19, 54, 13, 57, 15, 27, 52, 34, 67]]
17.02s;690;[[3, 44, 32, 50, 25, 55, 18, 24, 49, 56, 23, 63, 16, 51], [4, 45, 29, 5, 48, 30, 75], [6, 33, 73, 1, 43, 41, 42, 64, 22, 62, 2, 68], [7, 53, 14, 59, 66, 11, 65, 38, 26], [12, 72, 58, 10, 31, 39, 9, 40, 17], [34, 52, 27, 13, 54, 19, 35, 8, 46, 67], [57, 15, 37, 20, 70, 60, 71, 69, 36, 47, 21, 61, 28, 74]]
17.17s;685;[[4, 27, 52, 34, 46, 67], [6, 33, 63, 23, 56, 41, 43, 42, 64, 22, 62, 1, 73], [7, 53, 11, 38, 65, 66, 59, 14, 35], [8, 19, 54, 13, 57, 15, 37, 20, 70, 60, 71, 69, 36, 5, 29, 45], [12, 72, 39, 9, 32, 44, 3, 40, 17], [26, 58, 10, 31, 55, 25, 50, 18, 24, 49, 16, 51], [30, 48, 47, 21, 61, 28, 74, 2, 68, 75]]
16.94s;689;[[4, 48, 47, 36, 69, 71, 60, 70, 20, 37, 5, 29, 45], [6, 33, 63, 23, 56, 41, 43, 42, 64, 22, 1, 73], [7, 53, 14, 59, 11, 66, 65, 38, 26], [12, 72, 58, 10, 31, 55, 25, 50, 18, 24, 49, 16, 51], [17, 3, 44, 32, 9, 39, 40], [30, 74, 21, 61, 28, 62, 2, 68, 75], [34, 52, 27, 15, 57, 13, 54, 19, 35, 8, 46, 67]]
17.11s;689;[[4, 48, 47, 36, 69, 71, 60, 70, 20, 37, 5, 29, 45], [6, 33, 63, 23, 56, 41, 43, 42, 64, 22, 1, 73, 75], [7, 35, 53, 14, 59, 66, 11, 65, 38], [12, 72, 39, 9, 32, 44, 3, 40, 17], [26, 58, 10, 31, 55, 25, 50, 18, 24, 49, 16, 51], [30, 74, 21, 61, 28, 62, 2, 68], [46, 8, 19, 54, 13, 57, 15, 27, 52, 34, 67]]
16.98s;689;[[4, 48, 47, 36, 69, 71, 60, 70, 20, 37, 5, 29, 45], [6, 33, 73, 1, 22, 64, 42, 43, 41, 56, 23, 63], [7, 53, 14, 59, 66, 11, 65, 38, 26], [12, 72, 58, 10, 31, 55, 25, 50, 18, 24, 49, 16, 51], [17, 3, 44, 32, 9, 39, 40], [30, 74, 21, 61, 28, 62, 2, 68, 75], [46, 8, 35, 19, 54, 13, 57, 15, 27, 52, 34, 67]]
17.09s;689;[[4, 45, 29, 5, 37, 20, 70, 60, 71, 69, 36, 47, 48], [6, 73, 1, 22, 64, 42, 43, 41, 56, 23, 63, 33], [7, 53, 14, 59, 66, 11, 65, 38, 26], [12, 72, 58, 10, 31, 55, 25, 50, 18, 24, 49, 16, 51], [17, 3, 44, 32, 9, 39, 40], [30, 74, 21, 61, 28, 62, 2, 68, 75], [46, 8, 35, 19, 54, 13, 57, 15, 27, 52, 34, 67]]
16.95s;689;[[4, 48, 47, 36, 69, 71, 60, 70, 20, 37, 5, 29, 45], [6, 33, 73, 1, 22, 64, 42, 43, 41, 56, 23, 63], [7, 53, 14, 59, 66, 11, 65, 38, 26], [12, 72, 58, 10, 31, 55, 25, 50, 18, 24, 49, 16, 51], [17, 3, 44, 32, 9, 39, 40], [30, 74, 21, 61, 28, 62, 2, 68, 75], [34, 52, 27, 15, 57, 13, 54, 19, 35, 8, 46, 67]]
16.96s;690;[[4, 45, 29, 5, 36, 69, 71, 60, 70, 20, 37, 15, 57, 13, 27], [6, 33, 73, 1, 43, 41, 42, 64, 22, 62, 2, 68], [7, 53, 14, 59, 66, 11, 65, 38, 26], [12, 72, 58, 10, 31, 55, 25, 9, 39, 40], [17, 3, 44, 32, 50, 18, 24, 49, 56, 23, 63, 16, 51], [46, 8, 35, 19, 54, 52, 34, 67], [74, 28, 61, 21, 47, 48, 30, 75]]
17.01s;687;[[4, 45, 29, 5, 15, 57, 13, 54, 19, 35, 8, 46], [6, 33, 73, 1, 43, 41, 42, 64, 22, 61, 28, 62], [7, 53, 14, 59, 11, 66, 65, 38, 26], [12, 72, 58, 10, 31, 55, 25, 9, 39, 40], [17, 3, 44, 32, 50, 18, 24, 49, 56, 23, 63, 16, 51], [30, 48, 47, 36, 37, 20, 70, 60, 71, 69, 21, 74, 2, 68], [67, 34, 52, 27, 75]]
16.98s;689;[[4, 45, 29, 5, 48, 30, 75], [6, 33, 73, 1, 43, 41, 42, 64, 22, 62, 2, 68], [7, 53, 14, 59, 66, 11, 65, 38, 26], [12, 72, 58, 10, 31, 55, 25, 9, 39, 40], [17, 3, 44, 32, 50, 18, 24, 49, 56, 23, 63, 16, 51], [46, 8, 35, 19, 54, 13, 27, 52, 34, 67], [57, 15, 37, 20, 70, 60, 71, 69, 36, 47, 21, 61, 28, 74]]
16.97s;689;[[4, 45, 29, 5, 37, 20, 70, 60, 71, 69, 36, 47, 48], [6, 33, 73, 1, 22, 64, 42, 43, 41, 56, 23, 63], [7, 53, 14, 59, 11, 66, 65, 38, 26], [12, 72, 58, 10, 31, 55, 25, 50, 18, 24, 49, 16, 51], [17, 3, 44, 32, 9, 39, 40], [30, 74, 21, 61, 28, 62, 2, 68, 75], [46, 8, 35, 19, 54, 13, 57, 15, 27, 52, 34, 67]]
17.08s;689;[[4, 45, 29, 5, 37, 20, 70, 60, 71, 69, 36, 47, 48], [6, 73, 1, 22, 64, 42, 43, 41, 56, 23, 63, 33], [7, 53, 14, 59, 66, 11, 65, 38, 26], [12, 72, 58, 10, 31, 55, 25, 50, 18, 24, 49, 16, 51], [17, 3, 44, 32, 9, 39, 40], [30, 74, 21, 61, 28, 62, 2, 68, 75], [46, 8, 35, 19, 54, 13, 57, 15, 27, 52, 34, 67]]
16.99s;689;[[4, 45, 29, 5, 36, 69, 71, 60, 70, 20, 37, 15, 57, 27], [6, 33, 1, 73, 62, 22, 64, 42, 43, 41, 56, 23, 63], [7, 53, 11, 38, 65, 66, 59, 14, 35], [12, 72, 39, 9, 32, 44, 3, 40, 17], [26, 58, 10, 31, 55, 25, 50, 18, 24, 49, 16, 51], [30, 48, 47, 21, 61, 28, 74, 2, 68, 75], [34, 52, 13, 54, 19, 8, 46, 67]]
16.96s;691;[[4, 45, 29, 5, 37, 20, 70, 60, 71, 69, 36, 47, 48], [6, 33, 63, 23, 56, 41, 64, 42, 43, 1, 73, 75], [7, 35, 53, 14, 59, 66, 11, 65, 38], [12, 72, 39, 9, 32, 44, 3, 40, 17], [26, 58, 10, 31, 55, 25, 50, 18, 24, 49, 16, 51], [30, 74, 28, 21, 61, 22, 62, 2, 68], [34, 52, 27, 15, 57, 13, 54, 19, 8, 46, 67]]
17.02s;691;[[4, 48, 47, 36, 69, 71, 60, 70, 20, 37, 5, 29, 45], [6, 33, 63, 23, 56, 41, 64, 42, 43, 1, 73, 75], [7, 53, 11, 38, 65, 66, 59, 14, 35], [12, 72, 39, 9, 32, 44, 3, 40, 17], [26, 58, 10, 31, 55, 25, 50, 18, 24, 49, 16, 51], [30, 74, 21, 61, 28, 22, 62, 2, 68], [46, 8, 19, 54, 13, 57, 15, 27, 52, 34, 67]]
17.05s;686;[[4, 27, 52, 46, 34, 67], [6, 33, 63, 23, 56, 41, 64, 42, 43, 1, 73, 75], [7, 53, 11, 38, 65, 66, 59, 14, 35], [8, 19, 54, 13, 57, 15, 37, 20, 70, 60, 71, 69, 36, 5, 29, 45], [12, 72, 39, 9, 32, 44, 3, 40, 17], [26, 58, 10, 31, 55, 25, 50, 18, 24, 49, 16, 51], [30, 48, 47, 21, 61, 22, 62, 28, 74, 2, 68]]

avg_time;avg_ans;best;worst
17.08s;688.85;685;691
