elapsed;fitness;solution
9.29s;576;[[2, 28, 21, 36, 47, 48, 30], [4, 45, 27, 52, 34], [6, 33, 1, 22, 42, 41, 43, 23, 16], [7, 35, 14, 53, 11, 38, 26], [12, 10, 31, 25, 50, 18, 24, 49, 51], [17, 3, 44, 32, 9, 39, 40], [29, 5, 37, 20, 15, 13, 54, 19, 8, 46]]
8.66s;571;[[2, 22, 28, 21, 36, 47, 48, 30], [4, 45, 29, 5, 37, 20, 15, 27], [6, 33, 1, 43, 42, 41, 23, 24, 49, 16], [7, 53, 11, 38, 10, 31, 39], [12, 9, 25, 18, 50, 32, 44, 3, 51], [17, 40, 26], [34, 52, 13, 54, 19, 14, 35, 8, 46]]
8.49s;571;[[2, 22, 28, 21, 36, 47, 48, 30], [4, 45, 29, 5, 37, 20, 15, 27], [6, 33, 1, 43, 42, 41, 23, 24, 49, 16], [7, 53, 11, 38, 10, 31, 39], [12, 9, 25, 18, 50, 32, 44, 3, 51], [17, 40, 26], [34, 52, 13, 54, 19, 14, 35, 8, 46]]
8.46s;571;[[2, 22, 28, 21, 36, 47, 48, 30], [4, 45, 29, 5, 37, 20, 15, 27], [6, 33, 1, 43, 42, 41, 23, 24, 49, 16], [7, 53, 11, 38, 10, 31, 39], [12, 9, 25, 18, 50, 32, 44, 3, 51], [17, 40, 26], [34, 52, 13, 54, 19, 14, 35, 8, 46]]
8.52s;576;[[2, 28, 21, 36, 47, 48, 30], [4, 45, 27, 52, 34], [6, 33, 1, 22, 42, 41, 43, 23, 16], [7, 35, 14, 53, 11, 38, 26], [12, 10, 31, 25, 50, 18, 24, 49, 51], [17, 3, 44, 32, 9, 39, 40], [29, 5, 37, 20, 15, 13, 54, 19, 8, 46]]
8.44s;571;[[2, 22, 28, 21, 36, 47, 48, 30], [4, 45, 29, 5, 37, 20, 15, 27], [6, 33, 1, 43, 42, 41, 23, 24, 49, 16], [7, 53, 11, 38, 10, 31, 39], [12, 9, 25, 18, 50, 32, 44, 3, 51], [17, 40, 26], [34, 52, 13, 54, 19, 14, 35, 8, 46]]
8.55s;570;[[2, 28, 21, 36, 47, 48, 30], [3, 44, 32, 9, 25, 50, 18, 24, 49], [4, 45, 29, 5, 37, 20, 15, 27], [6, 33, 1, 22, 42, 41, 43, 23, 16, 51], [7, 53, 11, 38, 10, 31, 39], [17, 40, 12, 26], [34, 52, 13, 54, 19, 14, 35, 8, 46]]
8.59s;568;[[3, 44, 32, 50, 18, 25, 9, 40], [4, 45, 29, 5, 36, 37, 20, 15, 27], [6, 2, 28, 21, 47, 48, 30], [7, 53, 11, 38, 10, 31, 39], [17, 12, 26], [33, 1, 22, 42, 41, 43, 23, 24, 49, 16, 51], [34, 52, 13, 54, 19, 14, 35, 8, 46]]
8.51s;570;[[3, 44, 32, 50, 18, 25, 9, 40], [4, 45, 29, 5, 36, 37, 20, 15, 13, 27], [6, 2, 28, 21, 47, 48, 30], [7, 53, 11, 38, 10, 31, 39], [17, 12, 26], [33, 1, 22, 42, 41, 43, 23, 24, 49, 16, 51], [34, 52, 54, 19, 14, 35, 8, 46]]
8.46s;570;[[2, 28, 21, 36, 47, 48, 30], [3, 44, 32, 9, 25, 50, 18, 24, 49], [4, 45, 29, 5, 37, 20, 15, 27], [6, 33, 1, 22, 42, 41, 43, 23, 16, 51], [7, 53, 11, 38, 10, 31, 39], [17, 40, 12, 26], [34, 52, 13, 54, 19, 14, 35, 8, 46]]
8.53s;571;[[2, 22, 28, 21, 36, 47, 48, 30], [4, 45, 29, 5, 37, 20, 15, 27], [6, 33, 1, 43, 42, 41, 23, 24, 49, 16], [7, 53, 11, 38, 10, 31, 39], [12, 9, 25, 18, 50, 32, 44, 3, 51], [17, 40, 26], [34, 52, 13, 54, 19, 14, 35, 8, 46]]
8.45s;571;[[2, 22, 28, 21, 36, 47, 48, 30], [4, 45, 29, 5, 37, 20, 15, 27], [6, 33, 1, 43, 42, 41, 23, 24, 49, 16], [7, 53, 11, 38, 10, 31, 39], [12, 9, 25, 18, 50, 32, 44, 3, 51], [17, 40, 26], [34, 52, 13, 54, 19, 14, 35, 8, 46]]
8.46s;570;[[2, 28, 21, 36, 47, 48, 30], [3, 44, 32, 9, 25, 50, 18, 24, 49], [4, 45, 29, 5, 37, 20, 15, 27], [6, 33, 1, 22, 42, 41, 43, 23, 16, 51], [7, 53, 11, 38, 10, 31, 39], [17, 40, 12, 26], [34, 52, 13, 54, 19, 14, 35, 8, 46]]
8.48s;570;[[2, 28, 21, 36, 47, 48, 30], [3, 44, 32, 9, 25, 50, 18, 24, 49], [4, 45, 29, 5, 37, 20, 15, 27], [6, 33, 1, 22, 42, 41, 43, 23, 16, 51], [7, 53, 11, 38, 10, 31, 39], [17, 40, 12, 26], [34, 52, 13, 54, 19, 14, 35, 8, 46]]
8.48s;568;[[3, 44, 32, 50, 18, 25, 9, 40], [4, 45, 29, 5, 36, 37, 20, 15, 27], [6, 2, 28, 21, 47, 48, 30], [7, 53, 11, 38, 10, 31, 39], [17, 12, 26], [33, 1, 22, 42, 41, 43, 23, 24, 49, 16, 51], [34, 52, 13, 54, 19, 14, 35, 8, 46]]
8.55s;571;[[2, 22, 28, 21, 36, 47, 48, 30], [4, 45, 29, 5, 37, 20, 15, 27], [6, 33, 1, 43, 42, 41, 23, 24, 49, 16], [7, 53, 11, 38, 10, 31, 39], [12, 9, 25, 18, 50, 32, 44, 3, 51], [17, 40, 26], [34, 52, 13, 54, 19, 14, 35, 8, 46]]
8.44s;568;[[3, 44, 32, 50, 18, 25, 9, 40], [4, 45, 29, 5, 36, 37, 20, 15, 27], [6, 2, 28, 21, 47, 48, 30], [7, 53, 11, 38, 10, 31, 39], [17, 12, 26], [33, 1, 22, 42, 41, 43, 23, 24, 49, 16, 51], [34, 52, 13, 54, 19, 14, 35, 8, 46]]
8.47s;570;[[3, 44, 32, 50, 18, 25, 9, 39, 12], [4, 45, 29, 5, 36, 37, 20, 15, 27], [6, 2, 28, 21, 47, 48, 30], [7, 53, 11, 38, 10, 31, 26], [17, 40], [33, 1, 22, 42, 41, 43, 23, 24, 49, 16, 51], [34, 52, 13, 54, 19, 14, 35, 8, 46]]
8.50s;571;[[2, 22, 28, 21, 36, 47, 48, 30], [4, 45, 29, 5, 37, 20, 15, 27], [6, 33, 1, 43, 42, 41, 23, 24, 49, 16], [7, 53, 11, 38, 10, 31, 39], [12, 9, 25, 18, 50, 32, 44, 3, 51], [17, 40, 26], [34, 52, 13, 54, 19, 14, 35, 8, 46]]
8.43s;570;[[3, 44, 32, 50, 18, 25, 9, 40], [4, 45, 29, 5, 36, 37, 20, 15, 13, 27], [6, 2, 28, 21, 47, 48, 30], [12, 39, 31, 10, 38, 11, 53], [17, 26], [33, 1, 22, 42, 41, 43, 23, 24, 49, 16, 51], [34, 52, 54, 19, 14, 35, 7, 8, 46]]

avg_time;avg_ans;best;worst
8.54s;570.70;568;576
