elapsed;fitness;solution
9.89s;577;[[2, 28, 21, 47, 36, 37, 20, 15], [4, 45, 29, 5, 48, 30], [6, 33, 1, 22, 42, 41, 43, 23, 16], [7, 35, 14, 53, 11, 38, 26], [12, 10, 31, 25, 50, 18, 24, 49, 51], [17, 3, 44, 32, 9, 39, 40], [34, 52, 27, 13, 54, 19, 8, 46]]
9.04s;576;[[2, 28, 21, 36, 47, 48, 30], [4, 27, 52, 46, 34], [6, 33, 1, 22, 42, 41, 43, 23, 16, 51], [7, 35, 14, 53, 11, 38, 26], [8, 19, 54, 13, 15, 20, 37, 5, 29, 45], [10, 31, 25, 50, 18, 24, 49, 3, 44], [12, 39, 9, 32, 40, 17]]
9.06s;576;[[2, 28, 21, 36, 47, 48, 30], [4, 27, 52, 34, 46], [6, 33, 1, 22, 42, 41, 43, 23, 16], [7, 35, 53, 14, 11, 38, 26], [8, 19, 54, 13, 15, 20, 37, 5, 29, 45], [12, 10, 31, 25, 50, 18, 24, 49, 51], [17, 3, 44, 32, 9, 39, 40]]
9.10s;576;[[2, 28, 21, 36, 47, 48, 30], [4, 27, 52, 46, 34], [6, 33, 1, 22, 42, 41, 43, 23, 16], [7, 35, 14, 53, 11, 38, 26], [8, 19, 54, 13, 15, 20, 37, 5, 29, 45], [12, 10, 31, 25, 50, 18, 24, 49, 51], [17, 3, 44, 32, 9, 39, 40]]
9.02s;577;[[2, 28, 21, 47, 36, 37, 20, 15], [4, 45, 29, 5, 48, 30], [6, 33, 1, 22, 42, 41, 43, 23, 16], [7, 35, 53, 14, 11, 38, 26], [12, 10, 31, 25, 50, 18, 24, 49, 51], [17, 3, 44, 32, 9, 39, 40], [34, 52, 27, 13, 54, 19, 8, 46]]
9.09s;577;[[2, 28, 21, 47, 36, 37, 20, 15], [4, 45, 29, 5, 48, 30], [6, 33, 1, 22, 42, 41, 43, 23, 16, 51], [7, 35, 53, 14, 11, 38, 26], [10, 31, 25, 50, 18, 24, 49, 3, 44], [12, 39, 9, 32, 40, 17], [34, 52, 27, 13, 54, 19, 8, 46]]
9.07s;577;[[2, 28, 21, 47, 36, 37, 20, 15], [4, 45, 29, 5, 48, 30], [6, 33, 1, 22, 42, 41, 43, 23, 16], [7, 35, 53, 14, 11, 38, 26], [12, 10, 31, 25, 50, 18, 24, 49, 51], [17, 3, 44, 32, 9, 39, 40], [34, 52, 27, 13, 54, 19, 8, 46]]
8.98s;577;[[2, 28, 21, 47, 36, 37, 20, 15], [4, 45, 29, 5, 48, 30], [6, 33, 1, 22, 42, 41, 43, 23, 16, 51], [7, 35, 14, 53, 11, 38, 26], [10, 31, 25, 50, 18, 24, 49, 3, 44], [12, 39, 9, 32, 40, 17], [34, 52, 27, 13, 54, 19, 8, 46]]
8.98s;576;[[2, 28, 21, 36, 47, 48, 30], [4, 27, 52, 46, 34], [6, 33, 1, 22, 42, 41, 43, 23, 16], [7, 35, 53, 14, 11, 38, 26], [8, 19, 54, 13, 15, 20, 37, 5, 29, 45], [12, 10, 31, 25, 50, 18, 24, 49, 51], [17, 3, 44, 32, 9, 39, 40]]
9.03s;577;[[2, 28, 21, 47, 36, 37, 20, 15], [4, 45, 29, 5, 48, 30], [6, 33, 1, 22, 42, 41, 43, 23, 16], [7, 35, 14, 53, 11, 38, 26], [12, 10, 31, 25, 50, 18, 24, 49, 51], [17, 3, 44, 32, 9, 39, 40], [34, 52, 27, 13, 54, 19, 8, 46]]
9.04s;576;[[2, 28, 21, 36, 47, 48, 30], [4, 27, 52, 34, 46], [6, 33, 1, 22, 42, 41, 43, 23, 16], [7, 35, 53, 14, 11, 38, 26], [8, 19, 54, 13, 15, 20, 37, 5, 29, 45], [12, 10, 31, 25, 50, 18, 24, 49, 51], [17, 3, 44, 32, 9, 39, 40]]
9.05s;576;[[2, 28, 21, 36, 47, 48, 30], [4, 27, 52, 34, 46], [6, 33, 1, 22, 42, 41, 43, 23, 16], [7, 35, 53, 14, 11, 38, 26], [8, 19, 54, 13, 15, 20, 37, 5, 29, 45], [12, 10, 31, 25, 50, 18, 24, 49, 51], [17, 3, 44, 32, 9, 39, 40]]
9.00s;577;[[2, 28, 21, 47, 36, 37, 20, 15], [4, 45, 29, 5, 48, 30], [6, 33, 1, 22, 42, 41, 43, 23, 16], [7, 35, 14, 53, 11, 38, 26], [12, 10, 31, 25, 50, 18, 24, 49, 51], [17, 3, 44, 32, 9, 39, 40], [34, 52, 27, 13, 54, 19, 8, 46]]
9.03s;576;[[2, 28, 21, 36, 47, 48, 30], [4, 27, 52, 34, 46], [6, 33, 1, 22, 42, 41, 43, 23, 16], [7, 35, 14, 53, 11, 38, 26], [8, 19, 54, 13, 15, 20, 37, 5, 29, 45], [12, 10, 31, 25, 50, 18, 24, 49, 51], [17, 3, 44, 32, 9, 39, 40]]
9.07s;577;[[2, 28, 21, 47, 36, 37, 20, 15], [4, 45, 29, 5, 48, 30], [6, 33, 1, 22, 42, 41, 43, 23, 16], [7, 35, 14, 53, 11, 38, 26], [12, 10, 31, 25, 50, 18, 24, 49, 51], [17, 3, 44, 32, 9, 39, 40], [34, 52, 27, 13, 54, 19, 8, 46]]
9.04s;576;[[2, 28, 21, 36, 47, 48, 30], [4, 27, 52, 46, 34], [6, 33, 1, 22, 42, 41, 43, 23, 16], [7, 35, 53, 14, 11, 38, 26], [8, 19, 54, 13, 15, 20, 37, 5, 29, 45], [12, 10, 31, 25, 50, 18, 24, 49, 51], [17, 3, 44, 32, 9, 39, 40]]
8.97s;577;[[2, 28, 21, 47, 36, 37, 20, 15], [4, 45, 29, 5, 48, 30], [6, 33, 1, 22, 42, 41, 43, 23, 16], [7, 35, 53, 14, 11, 38, 26], [12, 10, 31, 25, 50, 18, 24, 49, 51], [17, 3, 44, 32, 9, 39, 40], [34, 52, 27, 13, 54, 19, 8, 46]]
8.99s;577;[[2, 28, 21, 47, 36, 37, 20, 15], [4, 45, 29, 5, 48, 30], [6, 33, 1, 22, 42, 41, 43, 23, 16, 51], [7, 35, 14, 53, 11, 38, 26], [10, 31, 25, 50, 18, 24, 49, 3, 44], [12, 39, 9, 32, 40, 17], [34, 52, 27, 13, 54, 19, 8, 46]]
8.97s;576;[[2, 28, 21, 36, 47, 48, 30], [4, 27, 52, 34, 46], [6, 33, 1, 22, 42, 41, 43, 23, 16], [7, 35, 14, 53, 11, 38, 26], [8, 19, 54, 13, 15, 20, 37, 5, 29, 45], [12, 10, 31, 25, 50, 18, 24, 49, 51], [17, 3, 44, 32, 9, 39, 40]]
9.14s;577;[[2, 28, 21, 47, 36, 37, 20, 15], [4, 45, 29, 5, 48, 30], [6, 33, 1, 22, 42, 41, 43, 23, 16], [7, 35, 14, 53, 11, 38, 26], [12, 10, 31, 25, 50, 18, 24, 49, 51], [17, 3, 44, 32, 9, 39, 40], [34, 52, 27, 13, 54, 19, 8, 46]]

avg_time;avg_ans;best;worst
9.08s;576.55;576;577
