elapsed;fitness;solution
6.42s;914;[[5, 32, 3, 22, 10, 7, 39, 36], [8, 33, 42, 16, 24, 15, 19], [9, 17, 45, 6, 43, 26, 14], [11, 12, 35, 18, 25, 44], [13, 30, 37, 2, 4, 38], [21, 29, 31, 34, 40, 1, 27, 20, 41, 28], [23]]
5.71s;914;[[8, 33, 42, 16, 24, 15, 19], [9, 17, 45, 6, 43, 26, 14], [11, 12, 35, 18, 25, 44], [13, 4, 30, 2, 37, 38], [21, 29, 31, 34, 40, 1, 27, 20, 41, 28], [23], [32, 3, 22, 7, 10, 39, 5, 36]]
5.75s;914;[[3, 44, 25, 18, 35, 12, 11], [5, 32, 22, 10, 7, 39, 36], [8, 33, 42, 16, 24, 15, 19], [9, 17, 45, 6, 43, 26, 14], [13, 4, 30, 2, 37, 38], [21, 29, 31, 34, 40, 1, 27, 20, 41, 28], [23]]
5.75s;914;[[5, 32, 3, 22, 7, 10, 39, 36], [8, 33, 42, 16, 24, 15, 19], [9, 17, 45, 6, 43, 26, 14], [11, 12, 35, 18, 25, 44], [13, 4, 30, 2, 37, 38], [21, 29, 31, 34, 40, 1, 27, 20, 41, 28], [23]]
5.71s;914;[[8, 33, 42, 16, 24, 15, 19], [9, 17, 45, 6, 43, 26, 14], [11, 12, 35, 18, 25, 44], [13, 30, 37, 2, 4, 38], [21, 29, 31, 34, 40, 1, 27, 20, 41, 28], [23], [32, 3, 22, 10, 7, 39, 5, 36]]
5.73s;914;[[8, 33, 42, 16, 24, 15, 19], [9, 17, 45, 6, 43, 26, 14], [11, 12, 35, 18, 25, 44], [13, 30, 2, 37, 4, 38], [21, 29, 31, 34, 40, 1, 27, 20, 41, 28], [23], [32, 3, 22, 7, 10, 39, 5, 36]]
5.69s;914;[[5, 32, 3, 22, 10, 7, 39, 36], [8, 33, 42, 16, 24, 15, 19], [9, 17, 45, 6, 43, 26, 14], [11, 12, 35, 18, 25, 44], [13, 4, 30, 2, 37, 38], [21, 29, 31, 34, 40, 1, 27, 20, 41, 28], [23]]
5.69s;914;[[3, 44, 25, 18, 35, 12, 11], [5, 32, 22, 10, 7, 39, 36], [8, 33, 42, 16, 24, 15, 19], [9, 17, 45, 6, 43, 26, 14], [13, 2, 37, 30, 4, 38], [21, 29, 31, 34, 40, 1, 27, 20, 41, 28], [23]]
5.65s;914;[[5, 32, 3, 22, 10, 7, 39, 36], [8, 33, 42, 16, 24, 15, 19], [9, 17, 45, 6, 43, 26, 14], [11, 12, 35, 18, 25, 44], [13, 4, 30, 2, 37, 38], [21, 29, 31, 34, 40, 1, 27, 20, 41, 28], [23]]
5.71s;914;[[8, 33, 42, 16, 24, 15, 19], [9, 17, 45, 6, 43, 26, 14], [11, 12, 35, 18, 25, 44], [13, 4, 30, 2, 37, 38], [21, 29, 31, 34, 40, 1, 27, 20, 41, 28], [23], [32, 3, 22, 10, 7, 39, 5, 36]]
5.70s;914;[[8, 33, 42, 16, 24, 15, 19], [9, 17, 45, 6, 43, 26, 14], [11, 12, 35, 18, 25, 44], [13, 4, 30, 2, 37, 38], [21, 29, 31, 34, 40, 1, 27, 20, 41, 28], [23], [32, 3, 22, 7, 10, 39, 5, 36]]
5.70s;914;[[5, 32, 3, 22, 10, 7, 39, 36], [8, 33, 42, 16, 24, 15, 19], [9, 17, 45, 6, 43, 26, 14], [11, 12, 35, 18, 25, 44], [13, 30, 4, 2, 37, 38], [21, 29, 31, 34, 40, 1, 27, 20, 41, 28], [23]]
5.67s;914;[[8, 33, 42, 16, 24, 15, 19], [9, 17, 45, 6, 43, 26, 14], [11, 12, 35, 18, 25, 44], [13, 30, 2, 37, 4, 38], [21, 29, 31, 34, 40, 1, 27, 20, 41, 28], [23], [32, 3, 22, 10, 7, 39, 5, 36]]
5.66s;914;[[8, 33, 42, 16, 24, 15, 19], [9, 17, 45, 6, 43, 26, 14], [11, 12, 35, 18, 25, 44], [13, 30, 4, 2, 37, 38], [21, 29, 31, 34, 40, 1, 27, 20, 41, 28], [23], [32, 3, 22, 7, 10, 39, 5, 36]]
5.75s;914;[[5, 32, 3, 22, 10, 7, 39, 36], [8, 33, 42, 16, 24, 15, 19], [9, 17, 45, 6, 43, 26, 14], [11, 12, 35, 18, 25, 44], [13, 30, 37, 2, 4, 38], [21, 29, 31, 34, 40, 1, 27, 20, 41, 28], [23]]
5.74s;914;[[8, 33, 42, 16, 24, 15, 19], [9, 17, 45, 6, 43, 26, 14], [11, 12, 35, 18, 25, 44], [13, 4, 30, 2, 37, 38], [21, 29, 31, 34, 40, 1, 27, 20, 41, 28], [23], [32, 3, 22, 7, 10, 39, 5, 36]]
5.62s;914;[[5, 32, 3, 22, 7, 10, 39, 36], [8, 33, 42, 16, 24, 15, 19], [9, 17, 45, 6, 43, 26, 14], [11, 12, 35, 18, 25, 44], [13, 4, 30, 2, 37, 38], [21, 29, 31, 34, 40, 1, 27, 20, 41, 28], [23]]
5.66s;914;[[5, 32, 3, 22, 7, 10, 39, 36], [8, 33, 42, 16, 24, 15, 19], [9, 17, 45, 6, 43, 26, 14], [11, 12, 35, 18, 25, 44], [13, 2, 37, 30, 4, 38], [21, 29, 31, 34, 40, 1, 27, 20, 41, 28], [23]]
5.64s;914;[[8, 33, 42, 16, 24, 15, 19], [9, 17, 45, 6, 43, 26, 14], [11, 12, 35, 18, 25, 44], [13, 30, 4, 2, 37, 38], [21, 29, 31, 34, 40, 1, 27, 20, 41, 28], [23], [32, 3, 22, 7, 10, 39, 5, 36]]
5.63s;914;[[5, 32, 3, 22, 7, 10, 39, 36], [8, 33, 42, 16, 24, 15, 19], [9, 17, 45, 6, 43, 26, 14], [11, 12, 35, 18, 25, 44], [13, 4, 30, 2, 37, 38], [21, 29, 31, 34, 40, 1, 27, 20, 41, 28], [23]]

avg_time;avg_ans;best;worst
5.73s;914.00;914;914
