elapsed;fitness;solution
30.34s;1053;[[6, 61, 21, 29, 45], [7, 53, 14, 19, 35], [11, 66, 59], [12, 58, 72, 9, 40], [15, 20, 70, 60, 71, 69, 36, 47], [16, 49, 24, 3, 44, 17], [25, 55, 18, 50, 32, 51], [26, 67, 4, 75], [30, 74, 28, 2, 68], [33, 23, 56, 41, 1, 73], [34, 52, 27, 8, 46], [38, 65, 10, 31, 39], [48, 5, 37, 57, 13, 54], [62, 22, 64, 42, 43, 63]]
39.93s;1042;[[3, 44, 24, 49, 16, 51], [4, 48, 5, 45], [6, 33, 62, 2, 68], [7, 11, 66, 65], [8, 19, 54, 13, 27, 75], [12, 25, 55, 18, 50, 32], [17, 40, 9, 39, 72], [26], [28, 61, 22, 64, 42], [29, 37, 71, 60, 70, 20, 15, 57], [30, 47, 36, 69, 21, 74], [34, 52, 46, 67], [35, 14, 59, 53], [38, 10, 31, 58], [63, 23, 56, 41, 43, 1, 73]]
66.80s;1032;[[1, 43, 41, 56, 23, 63], [2, 62, 73, 33, 6], [4, 52, 34, 67], [7, 11, 66, 65], [12, 25, 55, 18, 50, 32], [13, 54, 19, 35, 8, 46], [14, 59, 53, 26], [17, 40, 9, 39], [27, 57, 15, 5, 29, 45], [30, 21, 47, 48], [37, 20, 70, 60, 71, 36, 69, 61], [42, 64, 22, 28, 74, 68], [44, 3, 24, 49, 16, 51], [58, 38, 10, 31, 72], [75]]
48.96s;1044;[[3, 44, 32, 17], [4, 13, 54, 19, 35, 8], [6, 73, 1, 43, 63, 33], [11, 59, 14], [12, 72, 39, 9, 40], [22, 64, 42, 41, 56, 23], [25, 55, 31, 10, 58], [26, 7, 46, 34, 75], [29, 37, 20, 70, 60, 71, 69, 36], [30, 48, 47, 21, 74], [38, 65, 66, 53], [45, 5, 15, 57, 27, 52], [50, 18, 24, 49, 16, 51], [62, 61, 28, 2, 68], [67]]
60.34s;1045;[[2, 28, 62, 73, 6], [4, 45, 48, 30], [8, 19, 54, 13, 27, 52], [10, 31, 65, 38], [11, 66, 59], [12, 25, 55, 18, 50, 32], [16, 49, 24, 3, 44, 17], [26, 7, 53, 14, 35], [29, 37, 20, 70, 60, 71, 69, 36], [33, 1, 64, 22, 61], [34, 46, 67], [40, 9, 39, 72, 58], [43, 42, 41, 56, 23, 63, 51], [57, 15, 5, 47, 21, 74], [68, 75]]
61.64s;1039;[[4, 45, 27, 13, 52], [5, 15, 57, 54, 19, 35, 7], [6, 33, 42, 64, 22], [11, 14, 53], [12, 9, 40, 17], [26, 72, 31, 10, 58], [29, 37, 20, 70, 60, 71, 69, 36], [30, 48, 47, 21, 74], [32, 50, 18, 55, 25, 39], [38, 65, 66, 59], [44, 3, 24, 49, 16, 51], [46, 8, 34, 67], [62, 61, 28, 2, 68], [63, 23, 56, 41, 43, 1, 73], [75]]
63.32s;1038;[[2, 28, 61, 22, 62], [4, 34, 67, 26], [6, 33, 43, 1, 73, 68], [7, 11, 66, 65], [12, 39, 9, 40], [15, 37, 20, 70, 60, 71, 69, 36], [16, 3, 44, 32, 17], [25, 55, 50, 18, 24, 49, 51], [27, 13, 57, 5, 29, 45], [30, 48, 47, 21, 74], [35, 14, 59, 53], [46, 8, 19, 54, 52], [58, 38, 10, 31, 72], [63, 23, 56, 41, 42, 64], [75]]
19.33s;1045;[[3, 44, 50, 32, 17], [4, 75], [6, 33, 56, 23, 63], [7, 11, 66, 65], [8, 19, 54, 13, 27, 52], [12, 39, 9, 40], [25, 55, 18, 24, 49, 16, 51], [26, 46, 34, 67], [29, 37, 20, 70, 60, 71, 69, 36], [30, 74, 28, 2, 68], [35, 14, 59, 53], [43, 41, 42, 64, 1, 73], [45, 57, 15, 5, 48], [47, 21, 61, 22, 62], [58, 38, 10, 31, 72]]
79.79s;1029;[[1, 43, 41, 56, 23, 63], [2, 28, 62, 73, 6], [7, 11, 66, 65], [12, 25, 55, 18, 50, 32], [16, 49, 24, 3, 44, 17], [19, 59, 14, 53], [26, 72, 39, 9, 40], [27, 57, 15, 5, 29, 45], [30, 48, 47, 21, 74], [37, 20, 70, 60, 71, 36, 69, 61], [38, 10, 31, 58], [46, 8, 35, 54, 13, 52], [51, 33, 42, 64, 22, 68], [67, 34, 4, 75]]
51.70s;1044;[[4, 34, 46, 26], [6, 28, 2, 68], [7, 11, 66, 65], [8, 19, 54, 13, 27, 52], [12, 25, 55, 18, 50, 32], [16, 23, 56, 41, 43, 63], [17, 40, 9, 39], [30, 48, 47, 21, 74], [33, 49, 24, 44, 3, 51], [35, 14, 59, 53], [37, 20, 70, 60, 71, 36, 69, 61], [57, 15, 5, 29, 45, 75], [58, 38, 10, 31, 72], [62, 22, 64, 42, 1, 73], [67]]
72.38s;1035;[[4, 45, 48, 30], [6, 61, 28, 2, 68], [7, 11, 66, 65], [12, 9, 40, 17], [16, 49, 24, 44, 3, 51], [26, 8, 19, 54, 13, 27], [29, 5, 37, 36, 21, 74], [32, 50, 18, 55, 25, 39], [33, 42, 64, 22, 62], [34, 52, 46, 67], [35, 14, 59, 53], [47, 69, 71, 60, 70, 20, 15, 57], [58, 38, 10, 31, 72], [63, 23, 56, 41, 43, 1, 73], [75]]
42.66s;1046;[[4, 45, 13, 54, 26], [6, 73, 62, 2, 68, 75], [7, 38, 65, 31, 10], [8, 19, 14, 53, 35], [11, 66, 59], [12, 25, 55, 18, 50, 32], [16, 49, 24, 44, 3, 17], [22, 64, 42, 41, 43], [27, 57, 15, 20, 70, 60, 71, 36], [28, 61, 69, 37, 5, 29], [30, 48, 47, 21, 74], [33, 1, 56, 23, 63, 51], [40, 9, 39, 72, 58], [46, 52, 34, 67]]
48.68s;1039;[[3, 50, 18, 55, 25, 32], [4, 30, 2, 68], [6, 33, 73, 1, 43, 63], [7, 11, 66, 65], [8, 19, 35, 53, 26], [12, 72, 39, 9, 40], [14, 59, 54, 13, 27], [17, 44, 24, 49, 16, 51], [22, 64, 42, 41, 56, 23], [29, 5, 37, 36, 47, 48], [38, 31, 10, 58], [45, 57, 15, 20, 70, 60, 71, 69], [46, 52, 34, 67], [62, 28, 61, 21, 74], [75]]
65.23s;1038;[[4, 75], [6, 33, 63, 16], [7, 11, 66, 65], [8, 19, 54, 13, 57, 15, 27], [12, 32, 44, 3, 17], [21, 69, 61, 64, 22], [23, 56, 41, 42, 43, 1, 73], [26, 72, 39, 9, 40], [30, 48, 5, 29, 45], [34, 52, 46, 67], [35, 14, 59, 53], [37, 20, 70, 60, 71, 36, 47], [38, 31, 10, 58], [50, 25, 55, 18, 24, 49, 51], [68, 2, 62, 28, 74]]
20.39s;1044;[[3, 44, 32, 9], [4, 34, 67], [6, 2, 68, 75], [7, 53, 14, 19, 35], [11, 66, 59], [12, 40, 17], [26, 58, 10, 65, 38], [27, 57, 15, 5, 29, 45], [28, 22, 64, 42, 62], [30, 48, 47, 21, 74], [33, 16, 49, 24, 51], [37, 20, 70, 60, 71, 36, 69, 61], [46, 8, 54, 13, 52], [50, 18, 55, 25, 31, 39, 72], [63, 23, 56, 41, 43, 1, 73]]
53.74s;1043;[[4, 67], [6, 33, 2, 75], [7, 19, 54, 13, 27, 45], [9, 25, 55, 18, 24, 49], [17, 3, 44, 50, 32], [26, 12, 40], [29, 5, 47, 48, 30], [34, 52, 8, 46], [35, 14, 11, 53], [36, 71, 60, 70, 20, 37, 15, 57], [38, 65, 66, 59], [42, 41, 56, 23, 63, 16, 51], [58, 10, 31, 39, 72], [62, 22, 64, 43, 1, 73], [68, 28, 61, 69, 21, 74]]
21.82s;1053;[[4, 2, 68, 75], [5, 70, 60, 71, 69, 61, 21], [6, 62, 28, 74, 30], [7, 11, 66, 65], [12, 25, 55, 18, 50, 32], [16, 49, 24, 44, 3, 17], [19, 54, 13, 57, 15, 45], [22, 64, 42, 41, 43, 73], [26, 39, 9, 40], [29, 20, 37, 36, 47, 48], [33, 1, 56, 23, 63, 51], [34, 52, 27, 8, 46], [35, 14, 59, 53], [58, 38, 10, 31, 72], [67]]
25.73s;1045;[[1, 43, 41, 42, 64, 73], [6, 33, 62, 2, 68], [7, 65, 38, 10, 58], [15, 37, 20, 70, 60, 71, 69, 36], [16, 49, 24, 56, 23, 63], [17, 40, 12, 26], [21, 61, 22, 28, 74], [29, 5, 47, 48, 30], [34, 8, 13, 57, 27, 45], [35, 14, 59, 19, 54], [39, 9, 32, 3, 51], [44, 50, 18, 55, 25, 31, 72], [46, 52, 4, 75], [53, 11, 66], [67]]
28.63s;1049;[[2, 28, 61, 22, 62], [4, 52, 34, 67], [6, 33, 43, 1, 73, 68], [7, 53, 19, 8, 46], [11, 66, 38], [12, 72, 39, 9, 40], [13, 54, 59, 14, 35], [16, 49, 24, 3, 44, 17], [25, 55, 18, 50, 32, 51], [26, 58, 10, 31, 65], [27, 37, 20, 70, 60, 71, 69, 36], [30, 48, 47, 21, 74], [57, 15, 5, 29, 45, 75], [63, 23, 56, 41, 42, 64]]
19.95s;1053;[[1, 64, 42, 41, 43], [4, 67], [5, 36, 47, 48, 30], [6, 62, 2, 68, 75], [7, 53, 14, 19, 35], [11, 66, 59], [12, 39, 9, 40], [16, 49, 24, 56, 23, 63], [17, 32, 44, 3, 51], [21, 69, 71, 60, 70, 20, 37], [26, 72, 31, 25, 55, 18, 50], [27, 13, 57, 15, 29, 45], [33, 73, 22, 61, 28, 74], [34, 52, 54, 8, 46], [38, 65, 10, 58]]

avg_time;avg_ans;best;worst
46.07s;1042.80;1029;1053
