elapsed;fitness;solution
2.54s;510;[[4, 17, 44, 42, 40, 19, 41, 13, 18], [5, 10, 39, 33, 15, 37, 12], [6, 14, 25, 24, 43, 7, 23, 27], [8, 26, 31, 28, 3, 36, 35, 20, 22, 1, 32], [11, 16, 2, 29, 21, 34, 30, 9, 38]]
1.77s;510;[[4, 42, 19, 40, 41, 13, 18], [5, 10, 39, 33, 15, 44, 37, 17, 12], [6, 14, 25, 24, 43, 7, 23, 27], [8, 26, 31, 28, 3, 36, 35, 20, 22, 1, 32], [11, 16, 2, 29, 21, 34, 30, 9, 38]]
1.44s;510;[[4, 42, 40, 19, 41, 13, 18], [5, 10, 39, 33, 15, 44, 37, 17, 12], [6, 14, 25, 24, 43, 7, 23, 27], [8, 26, 31, 28, 3, 36, 35, 20, 22, 1, 32], [11, 16, 2, 29, 21, 34, 30, 9, 38]]
1.79s;510;[[4, 42, 40, 19, 41, 13, 18], [5, 10, 39, 33, 15, 44, 37, 17, 12], [6, 14, 25, 24, 43, 7, 23, 27], [8, 26, 31, 28, 3, 36, 35, 20, 22, 1, 32], [11, 16, 2, 29, 21, 34, 30, 9, 38]]
2.24s;510;[[4, 42, 19, 40, 41, 13, 18], [5, 10, 39, 33, 15, 44, 37, 17, 12], [6, 14, 25, 24, 43, 7, 23, 27], [8, 26, 31, 28, 3, 36, 35, 20, 22, 1, 32], [11, 16, 2, 29, 21, 34, 30, 9, 38]]
1.34s;510;[[4, 42, 40, 19, 41, 13, 18], [5, 10, 39, 33, 15, 44, 37, 17, 12], [8, 26, 31, 28, 3, 36, 35, 20, 22, 1, 32], [11, 16, 2, 29, 21, 34, 30, 9, 38], [14, 25, 24, 43, 7, 23, 6, 27]]
1.45s;510;[[4, 42, 40, 19, 41, 13, 18], [5, 10, 39, 33, 15, 44, 37, 17, 12], [8, 26, 31, 28, 3, 36, 35, 20, 22, 1, 32], [11, 16, 2, 29, 21, 34, 30, 9, 38], [14, 25, 24, 43, 7, 23, 6, 27]]
1.39s;510;[[4, 42, 40, 19, 41, 13, 18], [5, 10, 39, 33, 15, 44, 37, 17, 12], [8, 26, 31, 28, 3, 36, 35, 20, 22, 1, 32], [11, 16, 2, 29, 21, 34, 30, 9, 38], [14, 25, 24, 43, 7, 23, 6, 27]]
1.73s;510;[[4, 17, 44, 42, 19, 40, 41, 13, 18], [5, 10, 39, 33, 15, 37, 12], [6, 14, 25, 24, 43, 7, 23, 27], [8, 26, 31, 28, 3, 36, 35, 20, 22, 1, 32], [11, 16, 2, 29, 21, 34, 30, 9, 38]]
1.79s;510;[[4, 42, 40, 19, 41, 13, 18], [5, 10, 39, 33, 15, 44, 37, 17, 12], [6, 14, 25, 24, 43, 7, 23, 27], [8, 26, 31, 28, 3, 36, 35, 20, 22, 1, 32], [11, 16, 2, 29, 21, 34, 30, 9, 38]]
1.49s;510;[[4, 42, 19, 40, 41, 13, 18], [5, 10, 39, 33, 15, 44, 37, 17, 12], [8, 26, 31, 28, 3, 36, 35, 20, 22, 1, 32], [11, 16, 2, 29, 21, 34, 30, 9, 38], [14, 25, 24, 43, 7, 23, 6, 27]]
1.87s;510;[[4, 42, 19, 40, 41, 13, 18], [5, 10, 39, 33, 15, 44, 37, 17, 12], [6, 14, 25, 24, 43, 7, 23, 27], [8, 26, 31, 28, 3, 36, 35, 20, 22, 1, 32], [11, 16, 2, 29, 21, 34, 30, 9, 38]]
1.30s;510;[[4, 42, 19, 40, 41, 13, 18], [5, 10, 39, 33, 15, 44, 37, 17, 12], [8, 26, 31, 28, 3, 36, 35, 20, 22, 1, 32], [11, 16, 2, 29, 21, 34, 30, 9, 38], [14, 25, 24, 43, 7, 23, 6, 27]]
1.36s;510;[[4, 42, 40, 19, 41, 13, 18], [5, 10, 39, 33, 15, 44, 37, 17, 12], [8, 26, 31, 28, 3, 36, 35, 20, 22, 1, 32], [11, 16, 2, 29, 21, 34, 30, 9, 38], [14, 25, 24, 43, 7, 23, 6, 27]]
1.83s;510;[[4, 42, 40, 19, 41, 13, 18], [5, 10, 39, 33, 15, 44, 37, 17, 12], [6, 14, 25, 24, 43, 7, 23, 27], [8, 26, 31, 28, 3, 36, 35, 20, 22, 1, 32], [11, 16, 2, 29, 21, 34, 30, 9, 38]]
2.00s;510;[[4, 17, 44, 42, 40, 19, 41, 13, 18], [5, 10, 39, 33, 15, 37, 12], [8, 26, 31, 28, 3, 36, 35, 20, 22, 1, 32], [11, 16, 2, 29, 21, 34, 30, 9, 38], [14, 25, 24, 43, 7, 23, 6, 27]]
1.32s;510;[[4, 17, 44, 42, 19, 40, 41, 13, 18], [5, 10, 39, 33, 15, 37, 12], [6, 14, 25, 24, 43, 7, 23, 27], [8, 26, 31, 28, 3, 36, 35, 20, 22, 1, 32], [11, 16, 2, 29, 21, 34, 30, 9, 38]]
2.33s;510;[[4, 42, 19, 40, 41, 13, 18], [5, 10, 39, 33, 15, 44, 37, 17, 12], [8, 26, 31, 28, 3, 36, 35, 20, 22, 1, 32], [11, 16, 2, 29, 21, 34, 30, 9, 38], [14, 25, 24, 43, 7, 23, 6, 27]]
1.40s;510;[[4, 42, 19, 40, 41, 13, 18], [5, 10, 39, 33, 15, 44, 37, 17, 12], [6, 14, 25, 24, 43, 7, 23, 27], [8, 26, 31, 28, 3, 36, 35, 20, 22, 1, 32], [11, 16, 2, 29, 21, 34, 30, 9, 38]]
1.61s;510;[[4, 42, 40, 19, 41, 13, 18], [5, 10, 39, 33, 15, 44, 37, 17, 12], [8, 26, 31, 28, 3, 36, 35, 20, 22, 1, 32], [11, 16, 2, 29, 21, 34, 30, 9, 38], [14, 25, 24, 43, 7, 23, 6, 27]]

avg_time;avg_ans;best;worst
1.70s;510.00;510;510
